2017-11-02 14:08:03 [2@ITHELPDESK]
3 - Connection: opening to smtp-mail.outlook.com:587, timeout=300, options=array (
  'ssl' => 
  array (
    'verify_peer' => false,
    'verify_peer_name' => false,
    'allow_self_signed' => true,
  ),
)2017-11-02 14:08:04 [2@ITHELPDESK]
3 - Connection: opened2017-11-02 14:08:04 [2@ITHELPDESK]
2 - SERVER -> CLIENT: 220 BN6PR09CA0072.outlook.office365.com Microsoft ESMTP MAIL Service ready at Thu, 2 Nov 2017 18:08:37 +0000
2017-11-02 14:08:04 [2@ITHELPDESK]
1 - CLIENT -> SERVER: EHLO helpdesk.connexservice.ca
2017-11-02 14:08:04 [2@ITHELPDESK]
2 - SERVER -> CLIENT: 250-BN6PR09CA0072.outlook.office365.com Hello [24.244.219.98]
250-SIZE 157286400
250-PIPELINING
250-DSN
250-ENHANCEDSTATUSCODES
250-STARTTLS
250-8BITMIME
250-BINARYMIME
250-CHUNKING
250 SMTPUTF8
2017-11-02 14:08:04 [2@ITHELPDESK]
1 - CLIENT -> SERVER: STARTTLS
2017-11-02 14:08:04 [2@ITHELPDESK]
2 - SERVER -> CLIENT: 220 2.0.0 SMTP server ready
2017-11-02 14:08:05 [2@ITHELPDESK]
1 - CLIENT -> SERVER: EHLO helpdesk.connexservice.ca
2017-11-02 14:08:05 [2@ITHELPDESK]
2 - SERVER -> CLIENT: 250-BN6PR09CA0072.outlook.office365.com Hello [24.244.219.98]
250-SIZE 157286400
250-PIPELINING
250-DSN
250-ENHANCEDSTATUSCODES
250-AUTH LOGIN XOAUTH2
250-8BITMIME
250-BINARYMIME
250-CHUNKING
250 SMTPUTF8
2017-11-02 14:08:05 [2@ITHELPDESK]
1 - CLIENT -> SERVER: AUTH LOGIN
2017-11-02 14:08:05 [2@ITHELPDESK]
2 - SERVER -> CLIENT: 334 VXNlcm5hbWU6
2017-11-02 14:08:05 [2@ITHELPDESK]
1 - CLIENT -> SERVER: aXRzdXBwb3J0QGNvbm5leHNlcnZpY2UuY2E=
2017-11-02 14:08:05 [2@ITHELPDESK]
2 - SERVER -> CLIENT: 334 UGFzc3dvcmQ6
2017-11-02 14:08:05 [2@ITHELPDESK]
1 - CLIENT -> SERVER: Q29ubmV4MTIzNDU=
2017-11-02 14:08:10 [2@ITHELPDESK]
2 - SERVER -> CLIENT: 535 5.7.3 Authentication unsuccessful [BN6PR09CA0072.namprd09.prod.outlook.com]
2017-11-02 14:08:10 [2@ITHELPDESK]
1 - SMTP ERROR: Password command failed: 535 5.7.3 Authentication unsuccessful [BN6PR09CA0072.namprd09.prod.outlook.com]
2017-11-02 14:08:10 [2@ITHELPDESK]
3 - SMTP Error: Could not authenticate.2017-11-02 14:08:10 [2@ITHELPDESK]
1 - CLIENT -> SERVER: QUIT
2017-11-02 14:08:10 [2@ITHELPDESK]
2 - SERVER -> CLIENT: 221 2.0.0 Service closing transmission channel
2017-11-02 14:08:10 [2@ITHELPDESK]
3 - Connection: closed2017-11-02 14:08:10 [2@ITHELPDESK]
3 - SMTP connect() failed. https://github.com/PHPMailer/PHPMailer/wiki/Troubleshooting2017-11-02 14:08:10 [2@ITHELPDESK]
3 - Connection: opening to smtp-mail.outlook.com:587, timeout=300, options=array (
  'ssl' => 
  array (
    'verify_peer' => false,
    'verify_peer_name' => false,
    'allow_self_signed' => true,
  ),
)2017-11-02 14:08:10 [2@ITHELPDESK]
3 - Connection: opened2017-11-02 14:08:10 [2@ITHELPDESK]
2 - SERVER -> CLIENT: 220 BN6PR09CA0055.outlook.office365.com Microsoft ESMTP MAIL Service ready at Thu, 2 Nov 2017 18:08:44 +0000
2017-11-02 14:08:10 [2@ITHELPDESK]
1 - CLIENT -> SERVER: EHLO helpdesk.connexservice.ca
2017-11-02 14:08:10 [2@ITHELPDESK]
2 - SERVER -> CLIENT: 250-BN6PR09CA0055.outlook.office365.com Hello [24.244.219.98]
250-SIZE 157286400
250-PIPELINING
250-DSN
250-ENHANCEDSTATUSCODES
250-STARTTLS
250-8BITMIME
250-BINARYMIME
250-CHUNKING
250 SMTPUTF8
2017-11-02 14:08:10 [2@ITHELPDESK]
1 - CLIENT -> SERVER: STARTTLS
2017-11-02 14:08:10 [2@ITHELPDESK]
2 - SERVER -> CLIENT: 220 2.0.0 SMTP server ready
2017-11-02 14:08:10 [2@ITHELPDESK]
1 - CLIENT -> SERVER: EHLO helpdesk.connexservice.ca
2017-11-02 14:08:10 [2@ITHELPDESK]
2 - SERVER -> CLIENT: 250-BN6PR09CA0055.outlook.office365.com Hello [24.244.219.98]
250-SIZE 157286400
250-PIPELINING
250-DSN
250-ENHANCEDSTATUSCODES
250-AUTH LOGIN XOAUTH2
250-8BITMIME
250-BINARYMIME
250-CHUNKING
250 SMTPUTF8
2017-11-02 14:08:10 [2@ITHELPDESK]
1 - CLIENT -> SERVER: AUTH LOGIN
2017-11-02 14:08:10 [2@ITHELPDESK]
2 - SERVER -> CLIENT: 334 VXNlcm5hbWU6
2017-11-02 14:08:10 [2@ITHELPDESK]
1 - CLIENT -> SERVER: aXRzdXBwb3J0QGNvbm5leHNlcnZpY2UuY2E=
2017-11-02 14:08:10 [2@ITHELPDESK]
2 - SERVER -> CLIENT: 334 UGFzc3dvcmQ6
2017-11-02 14:08:10 [2@ITHELPDESK]
1 - CLIENT -> SERVER: Q29ubmV4MTIzNDU=
2017-11-02 14:08:16 [2@ITHELPDESK]
2 - SERVER -> CLIENT: 535 5.7.3 Authentication unsuccessful [BN6PR09CA0055.namprd09.prod.outlook.com]
2017-11-02 14:08:16 [2@ITHELPDESK]
1 - SMTP ERROR: Password command failed: 535 5.7.3 Authentication unsuccessful [BN6PR09CA0055.namprd09.prod.outlook.com]
2017-11-02 14:08:16 [2@ITHELPDESK]
3 - SMTP Error: Could not authenticate.2017-11-02 14:08:16 [2@ITHELPDESK]
1 - CLIENT -> SERVER: QUIT
2017-11-02 14:08:16 [2@ITHELPDESK]
2 - SERVER -> CLIENT: 221 2.0.0 Service closing transmission channel
2017-11-02 14:08:16 [2@ITHELPDESK]
3 - Connection: closed2017-11-02 14:08:16 [2@ITHELPDESK]
3 - SMTP connect() failed. https://github.com/PHPMailer/PHPMailer/wiki/Troubleshooting2017-11-02 14:08:16 [2@ITHELPDESK]
3 - Connection: opening to smtp-mail.outlook.com:587, timeout=300, options=array (
  'ssl' => 
  array (
    'verify_peer' => false,
    'verify_peer_name' => false,
    'allow_self_signed' => true,
  ),
)2017-11-02 14:08:16 [2@ITHELPDESK]
3 - Connection: opened2017-11-02 14:08:16 [2@ITHELPDESK]
2 - SERVER -> CLIENT: 220 BN6PR06CA0059.outlook.office365.com Microsoft ESMTP MAIL Service ready at Thu, 2 Nov 2017 18:08:49 +0000
2017-11-02 14:08:16 [2@ITHELPDESK]
1 - CLIENT -> SERVER: EHLO helpdesk.connexservice.ca
2017-11-02 14:08:16 [2@ITHELPDESK]
2 - SERVER -> CLIENT: 250-BN6PR06CA0059.outlook.office365.com Hello [24.244.219.98]
250-SIZE 157286400
250-PIPELINING
250-DSN
250-ENHANCEDSTATUSCODES
250-STARTTLS
250-8BITMIME
250-BINARYMIME
250-CHUNKING
250 SMTPUTF8
2017-11-02 14:08:16 [2@ITHELPDESK]
1 - CLIENT -> SERVER: STARTTLS
2017-11-02 14:08:16 [2@ITHELPDESK]
2 - SERVER -> CLIENT: 220 2.0.0 SMTP server ready
2017-11-02 14:08:16 [2@ITHELPDESK]
1 - CLIENT -> SERVER: EHLO helpdesk.connexservice.ca
2017-11-02 14:08:16 [2@ITHELPDESK]
2 - SERVER -> CLIENT: 250-BN6PR06CA0059.outlook.office365.com Hello [24.244.219.98]
250-SIZE 157286400
250-PIPELINING
250-DSN
250-ENHANCEDSTATUSCODES
250-AUTH LOGIN XOAUTH2
250-8BITMIME
250-BINARYMIME
250-CHUNKING
250 SMTPUTF8
2017-11-02 14:08:16 [2@ITHELPDESK]
1 - CLIENT -> SERVER: AUTH LOGIN
2017-11-02 14:08:16 [2@ITHELPDESK]
2 - SERVER -> CLIENT: 334 VXNlcm5hbWU6
2017-11-02 14:08:16 [2@ITHELPDESK]
1 - CLIENT -> SERVER: aXRzdXBwb3J0QGNvbm5leHNlcnZpY2UuY2E=
2017-11-02 14:08:16 [2@ITHELPDESK]
2 - SERVER -> CLIENT: 334 UGFzc3dvcmQ6
2017-11-02 14:08:16 [2@ITHELPDESK]
1 - CLIENT -> SERVER: Q29ubmV4MTIzNDU=
2017-11-02 14:08:22 [2@ITHELPDESK]
2 - SERVER -> CLIENT: 535 5.7.3 Authentication unsuccessful [BN6PR06CA0059.namprd06.prod.outlook.com]
2017-11-02 14:08:22 [2@ITHELPDESK]
1 - SMTP ERROR: Password command failed: 535 5.7.3 Authentication unsuccessful [BN6PR06CA0059.namprd06.prod.outlook.com]
2017-11-02 14:08:22 [2@ITHELPDESK]
3 - SMTP Error: Could not authenticate.2017-11-02 14:08:22 [2@ITHELPDESK]
1 - CLIENT -> SERVER: QUIT
2017-11-02 14:08:24 [2@ITHELPDESK]
2 - SERVER -> CLIENT: 221 2.0.0 Service closing transmission channel
2017-11-02 14:08:24 [2@ITHELPDESK]
3 - Connection: closed2017-11-02 14:08:24 [2@ITHELPDESK]
3 - SMTP connect() failed. https://github.com/PHPMailer/PHPMailer/wiki/Troubleshooting2018-01-26 11:27:42 [2@ITHELPDESK]
3 - Connection: opening to smtp.office365.com:587, timeout=300, options=array (
  'ssl' => 
  array (
    'verify_peer' => false,
    'verify_peer_name' => false,
    'allow_self_signed' => true,
  ),
)2018-01-26 11:27:42 [2@ITHELPDESK]
3 - Connection: opened2018-01-26 11:27:42 [2@ITHELPDESK]
2 - SERVER -> CLIENT: 220 MWHPR20CA0039.outlook.office365.com Microsoft ESMTP MAIL Service ready at Fri, 26 Jan 2018 16:27:42 +0000
2018-01-26 11:27:42 [2@ITHELPDESK]
1 - CLIENT -> SERVER: EHLO ithelpdesk.connexservice.ca
2018-01-26 11:27:42 [2@ITHELPDESK]
2 - SERVER -> CLIENT: 250-MWHPR20CA0039.outlook.office365.com Hello [24.244.219.98]
250-SIZE 157286400
250-PIPELINING
250-DSN
250-ENHANCEDSTATUSCODES
250-STARTTLS
250-8BITMIME
250 SMTPUTF8
2018-01-26 11:27:42 [2@ITHELPDESK]
1 - CLIENT -> SERVER: STARTTLS
2018-01-26 11:27:42 [2@ITHELPDESK]
2 - SERVER -> CLIENT: 220 2.0.0 SMTP server ready
2018-01-26 11:27:43 [2@ITHELPDESK]
1 - CLIENT -> SERVER: EHLO ithelpdesk.connexservice.ca
2018-01-26 11:27:43 [2@ITHELPDESK]
2 - SERVER -> CLIENT: 250-MWHPR20CA0039.outlook.office365.com Hello [24.244.219.98]
250-SIZE 157286400
250-PIPELINING
250-DSN
250-ENHANCEDSTATUSCODES
250-AUTH LOGIN XOAUTH2
250-8BITMIME
250 SMTPUTF8
2018-01-26 11:27:43 [2@ITHELPDESK]
1 - CLIENT -> SERVER: AUTH LOGIN
2018-01-26 11:27:43 [2@ITHELPDESK]
2 - SERVER -> CLIENT: 334 VXNlcm5hbWU6
2018-01-26 11:27:43 [2@ITHELPDESK]
1 - CLIENT -> SERVER: aXRzdXBwb3J0QGNvbm5leHNlcnZpY2UuY2E=
2018-01-26 11:27:43 [2@ITHELPDESK]
2 - SERVER -> CLIENT: 334 UGFzc3dvcmQ6
2018-01-26 11:27:43 [2@ITHELPDESK]
1 - CLIENT -> SERVER: NDRFYXN0MTY=
2018-01-26 11:27:49 [2@ITHELPDESK]
2 - SERVER -> CLIENT: 535 5.7.3 Authentication unsuccessful [MWHPR20CA0039.namprd20.prod.outlook.com]
2018-01-26 11:27:49 [2@ITHELPDESK]
1 - SMTP ERROR: Password command failed: 535 5.7.3 Authentication unsuccessful [MWHPR20CA0039.namprd20.prod.outlook.com]
2018-01-26 11:27:49 [2@ITHELPDESK]
3 - SMTP Error: Could not authenticate.2018-01-26 11:27:49 [2@ITHELPDESK]
1 - CLIENT -> SERVER: QUIT
2018-01-26 11:27:49 [2@ITHELPDESK]
2 - SERVER -> CLIENT: 221 2.0.0 Service closing transmission channel
2018-01-26 11:27:49 [2@ITHELPDESK]
3 - Connection: closed2018-01-26 11:27:49 [2@ITHELPDESK]
3 - SMTP connect() failed. https://github.com/PHPMailer/PHPMailer/wiki/Troubleshooting2018-02-07 12:30:25 [2@ITHELPDESK]
3 - Connection: opening to smtp.office365.com:587, timeout=300, options=array (
  'ssl' => 
  array (
    'verify_peer' => false,
    'verify_peer_name' => false,
    'allow_self_signed' => true,
  ),
)2018-02-07 12:30:25 [2@ITHELPDESK]
3 - Connection: opened2018-02-07 12:30:25 [2@ITHELPDESK]
2 - SERVER -> CLIENT: 220 YTXPR0101CA0032.outlook.office365.com Microsoft ESMTP MAIL Service ready at Wed, 7 Feb 2018 17:30:25 +0000
2018-02-07 12:30:25 [2@ITHELPDESK]
1 - CLIENT -> SERVER: EHLO ithelpdesk.connexservice.ca
2018-02-07 12:30:25 [2@ITHELPDESK]
2 - SERVER -> CLIENT: 250-YTXPR0101CA0032.outlook.office365.com Hello [24.244.219.98]
250-SIZE 157286400
250-PIPELINING
250-DSN
250-ENHANCEDSTATUSCODES
250-STARTTLS
250-8BITMIME
250 SMTPUTF8
2018-02-07 12:30:25 [2@ITHELPDESK]
1 - CLIENT -> SERVER: STARTTLS
2018-02-07 12:30:25 [2@ITHELPDESK]
2 - SERVER -> CLIENT: 220 2.0.0 SMTP server ready
2018-02-07 12:30:25 [2@ITHELPDESK]
1 - CLIENT -> SERVER: EHLO ithelpdesk.connexservice.ca
2018-02-07 12:30:25 [2@ITHELPDESK]
2 - SERVER -> CLIENT: 250-YTXPR0101CA0032.outlook.office365.com Hello [24.244.219.98]
250-SIZE 157286400
250-PIPELINING
250-DSN
250-ENHANCEDSTATUSCODES
250-AUTH LOGIN XOAUTH2
250-8BITMIME
250 SMTPUTF8
2018-02-07 12:30:25 [2@ITHELPDESK]
1 - CLIENT -> SERVER: AUTH LOGIN
2018-02-07 12:30:25 [2@ITHELPDESK]
2 - SERVER -> CLIENT: 334 VXNlcm5hbWU6
2018-02-07 12:30:25 [2@ITHELPDESK]
1 - CLIENT -> SERVER: aXRzdXBwb3J0QGNvbm5leHNlcnZpY2UuY2E=
2018-02-07 12:30:25 [2@ITHELPDESK]
2 - SERVER -> CLIENT: 334 UGFzc3dvcmQ6
2018-02-07 12:30:25 [2@ITHELPDESK]
1 - CLIENT -> SERVER: NDRFYXN0MTY=
2018-02-07 12:30:31 [2@ITHELPDESK]
2 - SERVER -> CLIENT: 535 5.7.3 Authentication unsuccessful [YTXPR0101CA0032.CANPRD01.PROD.OUTLOOK.COM]
2018-02-07 12:30:31 [2@ITHELPDESK]
1 - SMTP ERROR: Password command failed: 535 5.7.3 Authentication unsuccessful [YTXPR0101CA0032.CANPRD01.PROD.OUTLOOK.COM]
2018-02-07 12:30:31 [2@ITHELPDESK]
3 - SMTP Error: Could not authenticate.2018-02-07 12:30:31 [2@ITHELPDESK]
1 - CLIENT -> SERVER: QUIT
2018-02-07 12:30:31 [2@ITHELPDESK]
2 - SERVER -> CLIENT: 221 2.0.0 Service closing transmission channel
2018-02-07 12:30:31 [2@ITHELPDESK]
3 - Connection: closed2018-02-07 12:30:31 [2@ITHELPDESK]
3 - SMTP connect() failed. https://github.com/PHPMailer/PHPMailer/wiki/Troubleshooting2018-02-07 13:09:01 [2@ITHELPDESK]
3 - Connection: opening to smtp.office365.com:587, timeout=300, options=array (
  'ssl' => 
  array (
    'verify_peer' => false,
    'verify_peer_name' => false,
    'allow_self_signed' => true,
  ),
)2018-02-07 13:09:01 [2@ITHELPDESK]
3 - Connection: opened2018-02-07 13:09:02 [2@ITHELPDESK]
2 - SERVER -> CLIENT: 220 YTOPR0101CA0008.outlook.office365.com Microsoft ESMTP MAIL Service ready at Wed, 7 Feb 2018 18:09:02 +0000
2018-02-07 13:09:02 [2@ITHELPDESK]
1 - CLIENT -> SERVER: EHLO ithelpdesk.connexservice.ca
2018-02-07 13:09:02 [2@ITHELPDESK]
2 - SERVER -> CLIENT: 250-YTOPR0101CA0008.outlook.office365.com Hello [24.244.219.98]
250-SIZE 157286400
250-PIPELINING
250-DSN
250-ENHANCEDSTATUSCODES
250-STARTTLS
250-8BITMIME
250 SMTPUTF8
2018-02-07 13:09:02 [2@ITHELPDESK]
1 - CLIENT -> SERVER: STARTTLS
2018-02-07 13:09:02 [2@ITHELPDESK]
2 - SERVER -> CLIENT: 220 2.0.0 SMTP server ready
2018-02-07 13:09:03 [2@ITHELPDESK]
1 - CLIENT -> SERVER: EHLO ithelpdesk.connexservice.ca
2018-02-07 13:09:03 [2@ITHELPDESK]
2 - SERVER -> CLIENT: 250-YTOPR0101CA0008.outlook.office365.com Hello [24.244.219.98]
250-SIZE 157286400
250-PIPELINING
250-DSN
250-ENHANCEDSTATUSCODES
250-AUTH LOGIN XOAUTH2
250-8BITMIME
250 SMTPUTF8
2018-02-07 13:09:03 [2@ITHELPDESK]
1 - CLIENT -> SERVER: AUTH LOGIN
2018-02-07 13:09:03 [2@ITHELPDESK]
2 - SERVER -> CLIENT: 334 VXNlcm5hbWU6
2018-02-07 13:09:03 [2@ITHELPDESK]
1 - CLIENT -> SERVER: aXRzdXBwb3J0QGNvbm5leHNlcnZpY2UuY2E=
2018-02-07 13:09:03 [2@ITHELPDESK]
2 - SERVER -> CLIENT: 334 UGFzc3dvcmQ6
2018-02-07 13:09:03 [2@ITHELPDESK]
1 - CLIENT -> SERVER: NDRFYXN0MTY=
2018-02-07 13:09:08 [2@ITHELPDESK]
2 - SERVER -> CLIENT: 535 5.7.3 Authentication unsuccessful [YTOPR0101CA0008.CANPRD01.PROD.OUTLOOK.COM]
2018-02-07 13:09:08 [2@ITHELPDESK]
1 - SMTP ERROR: Password command failed: 535 5.7.3 Authentication unsuccessful [YTOPR0101CA0008.CANPRD01.PROD.OUTLOOK.COM]
2018-02-07 13:09:08 [2@ITHELPDESK]
3 - SMTP Error: Could not authenticate.2018-02-07 13:09:08 [2@ITHELPDESK]
1 - CLIENT -> SERVER: QUIT
2018-02-07 13:09:08 [2@ITHELPDESK]
2 - SERVER -> CLIENT: 221 2.0.0 Service closing transmission channel
2018-02-07 13:09:08 [2@ITHELPDESK]
3 - Connection: closed2018-02-07 13:09:08 [2@ITHELPDESK]
3 - SMTP connect() failed. https://github.com/PHPMailer/PHPMailer/wiki/Troubleshooting2018-03-19 14:17:03 [2@ITHELPDESK]
3 - Could not instantiate mail function.2018-03-19 14:20:01 [2@ITHELPDESK]
3 - Could not instantiate mail function.2018-03-19 14:23:27 [2@ITHELPDESK]
3 - Could not instantiate mail function.2018-03-19 14:23:45 [2@ITHELPDESK]
3 - Could not instantiate mail function.2018-03-19 14:33:15 [2@ITHELPDESK]
3 - Could not instantiate mail function.2018-03-19 14:33:49 [2@ITHELPDESK]
3 - Connection: opening to smtp.office365.com:587, timeout=300, options=array (
  'ssl' => 
  array (
    'verify_peer' => false,
    'verify_peer_name' => false,
    'allow_self_signed' => true,
  ),
)2018-03-19 14:33:49 [2@ITHELPDESK]
3 - Connection: opened2018-03-19 14:33:49 [2@ITHELPDESK]
2 - SERVER -> CLIENT: 220 YQXPR0101CA0005.outlook.office365.com Microsoft ESMTP MAIL Service ready at Mon, 19 Mar 2018 18:33:50 +0000
2018-03-19 14:33:49 [2@ITHELPDESK]
1 - CLIENT -> SERVER: EHLO ithelpdesk.connexservice.ca
2018-03-19 14:33:49 [2@ITHELPDESK]
2 - SERVER -> CLIENT: 250-YQXPR0101CA0005.outlook.office365.com Hello [24.244.219.98]
250-SIZE 157286400
250-PIPELINING
250-DSN
250-ENHANCEDSTATUSCODES
250-STARTTLS
250-8BITMIME
250 SMTPUTF8
2018-03-19 14:33:49 [2@ITHELPDESK]
1 - CLIENT -> SERVER: STARTTLS
2018-03-19 14:33:49 [2@ITHELPDESK]
2 - SERVER -> CLIENT: 220 2.0.0 SMTP server ready
2018-03-19 14:33:51 [2@ITHELPDESK]
1 - CLIENT -> SERVER: EHLO ithelpdesk.connexservice.ca
2018-03-19 14:33:51 [2@ITHELPDESK]
2 - SERVER -> CLIENT: 250-YQXPR0101CA0005.outlook.office365.com Hello [24.244.219.98]
250-SIZE 157286400
250-PIPELINING
250-DSN
250-ENHANCEDSTATUSCODES
250-AUTH LOGIN XOAUTH2
250-8BITMIME
250 SMTPUTF8
2018-03-19 14:33:51 [2@ITHELPDESK]
1 - CLIENT -> SERVER: AUTH LOGIN
2018-03-19 14:33:51 [2@ITHELPDESK]
2 - SERVER -> CLIENT: 334 VXNlcm5hbWU6
2018-03-19 14:33:51 [2@ITHELPDESK]
1 - CLIENT -> SERVER: aXRzdXBwb3J0QGNvbm5leHNlcnZpY2UuY2E=
2018-03-19 14:33:51 [2@ITHELPDESK]
2 - SERVER -> CLIENT: 334 UGFzc3dvcmQ6
2018-03-19 14:33:51 [2@ITHELPDESK]
1 - CLIENT -> SERVER: NDRFYXN0MTY=
2018-03-19 14:33:57 [2@ITHELPDESK]
2 - SERVER -> CLIENT: 535 5.7.3 Authentication unsuccessful [YQXPR0101CA0005.CANPRD01.PROD.OUTLOOK.COM]
2018-03-19 14:33:57 [2@ITHELPDESK]
1 - SMTP ERROR: Password command failed: 535 5.7.3 Authentication unsuccessful [YQXPR0101CA0005.CANPRD01.PROD.OUTLOOK.COM]
2018-03-19 14:33:57 [2@ITHELPDESK]
3 - SMTP Error: Could not authenticate.2018-03-19 14:33:57 [2@ITHELPDESK]
1 - CLIENT -> SERVER: QUIT
2018-03-19 14:33:57 [2@ITHELPDESK]
2 - SERVER -> CLIENT: 221 2.0.0 Service closing transmission channel
2018-03-19 14:33:57 [2@ITHELPDESK]
3 - Connection: closed2018-03-19 14:33:57 [2@ITHELPDESK]
3 - SMTP connect() failed. https://github.com/PHPMailer/PHPMailer/wiki/Troubleshooting2018-03-19 14:54:03 [2@ITHELPDESK]
3 - Connection: opening to smtp.office365.com:587, timeout=300, options=array (
  'ssl' => 
  array (
    'verify_peer' => false,
    'verify_peer_name' => false,
    'allow_self_signed' => true,
  ),
)2018-03-19 14:54:03 [2@ITHELPDESK]
3 - Connection: opened2018-03-19 14:54:03 [2@ITHELPDESK]
2 - SERVER -> CLIENT: 220 YTXPR0101CA0041.outlook.office365.com Microsoft ESMTP MAIL Service ready at Mon, 19 Mar 2018 18:54:04 +0000
2018-03-19 14:54:03 [2@ITHELPDESK]
1 - CLIENT -> SERVER: EHLO ithelpdesk.connexservice.ca
2018-03-19 14:54:03 [2@ITHELPDESK]
2 - SERVER -> CLIENT: 250-YTXPR0101CA0041.outlook.office365.com Hello [24.244.219.98]
250-SIZE 157286400
250-PIPELINING
250-DSN
250-ENHANCEDSTATUSCODES
250-STARTTLS
250-8BITMIME
250 SMTPUTF8
2018-03-19 14:54:03 [2@ITHELPDESK]
1 - CLIENT -> SERVER: STARTTLS
2018-03-19 14:54:03 [2@ITHELPDESK]
2 - SERVER -> CLIENT: 220 2.0.0 SMTP server ready
2018-03-19 14:54:04 [2@ITHELPDESK]
1 - CLIENT -> SERVER: EHLO ithelpdesk.connexservice.ca
2018-03-19 14:54:04 [2@ITHELPDESK]
2 - SERVER -> CLIENT: 250-YTXPR0101CA0041.outlook.office365.com Hello [24.244.219.98]
250-SIZE 157286400
250-PIPELINING
250-DSN
250-ENHANCEDSTATUSCODES
250-AUTH LOGIN XOAUTH2
250-8BITMIME
250 SMTPUTF8
2018-03-19 14:54:04 [2@ITHELPDESK]
1 - CLIENT -> SERVER: AUTH LOGIN
2018-03-19 14:54:04 [2@ITHELPDESK]
2 - SERVER -> CLIENT: 334 VXNlcm5hbWU6
2018-03-19 14:54:04 [2@ITHELPDESK]
1 - CLIENT -> SERVER: aXRzdXBwb3J0QGNvbm5leHNlcnZpY2UuY2E=
2018-03-19 14:54:04 [2@ITHELPDESK]
2 - SERVER -> CLIENT: 334 UGFzc3dvcmQ6
2018-03-19 14:54:04 [2@ITHELPDESK]
1 - CLIENT -> SERVER: Q29ubmV4MTIzNDU=
2018-03-19 14:54:10 [2@ITHELPDESK]
2 - SERVER -> CLIENT: 535 5.7.3 Authentication unsuccessful [YTXPR0101CA0041.CANPRD01.PROD.OUTLOOK.COM]
2018-03-19 14:54:10 [2@ITHELPDESK]
1 - SMTP ERROR: Password command failed: 535 5.7.3 Authentication unsuccessful [YTXPR0101CA0041.CANPRD01.PROD.OUTLOOK.COM]
2018-03-19 14:54:10 [2@ITHELPDESK]
3 - SMTP Error: Could not authenticate.2018-03-19 14:54:10 [2@ITHELPDESK]
1 - CLIENT -> SERVER: QUIT
2018-03-19 14:54:10 [2@ITHELPDESK]
2 - SERVER -> CLIENT: 221 2.0.0 Service closing transmission channel
2018-03-19 14:54:10 [2@ITHELPDESK]
3 - Connection: closed2018-03-19 14:54:10 [2@ITHELPDESK]
3 - SMTP connect() failed. https://github.com/PHPMailer/PHPMailer/wiki/Troubleshooting2018-03-19 14:57:33 [2@ITHELPDESK]
3 - Connection: opening to smtp.office365.com:587, timeout=300, options=array (
  'ssl' => 
  array (
    'verify_peer' => false,
    'verify_peer_name' => false,
    'allow_self_signed' => true,
  ),
)2018-03-19 14:57:33 [2@ITHELPDESK]
3 - Connection: opened2018-03-19 14:57:33 [2@ITHELPDESK]
2 - SERVER -> CLIENT: 220 BL0PR1501CA0015.outlook.office365.com Microsoft ESMTP MAIL Service ready at Mon, 19 Mar 2018 18:57:34 +0000
2018-03-19 14:57:33 [2@ITHELPDESK]
1 - CLIENT -> SERVER: EHLO ithelpdesk.connexservice.ca
2018-03-19 14:57:33 [2@ITHELPDESK]
2 - SERVER -> CLIENT: 250-BL0PR1501CA0015.outlook.office365.com Hello [24.244.219.98]
250-SIZE 157286400
250-PIPELINING
250-DSN
250-ENHANCEDSTATUSCODES
250-STARTTLS
250-8BITMIME
250 SMTPUTF8
2018-03-19 14:57:33 [2@ITHELPDESK]
1 - CLIENT -> SERVER: STARTTLS
2018-03-19 14:57:33 [2@ITHELPDESK]
2 - SERVER -> CLIENT: 220 2.0.0 SMTP server ready
2018-03-19 14:57:33 [2@ITHELPDESK]
1 - CLIENT -> SERVER: EHLO ithelpdesk.connexservice.ca
2018-03-19 14:57:33 [2@ITHELPDESK]
2 - SERVER -> CLIENT: 250-BL0PR1501CA0015.outlook.office365.com Hello [24.244.219.98]
250-SIZE 157286400
250-PIPELINING
250-DSN
250-ENHANCEDSTATUSCODES
250-AUTH LOGIN XOAUTH2
250-8BITMIME
250 SMTPUTF8
2018-03-19 14:57:33 [2@ITHELPDESK]
1 - CLIENT -> SERVER: AUTH LOGIN
2018-03-19 14:57:33 [2@ITHELPDESK]
2 - SERVER -> CLIENT: 334 VXNlcm5hbWU6
2018-03-19 14:57:33 [2@ITHELPDESK]
1 - CLIENT -> SERVER: aXRzdXBwb3J0QGNvbm5leHNlcnZpY2UuY2E=
2018-03-19 14:57:33 [2@ITHELPDESK]
2 - SERVER -> CLIENT: 334 UGFzc3dvcmQ6
2018-03-19 14:57:33 [2@ITHELPDESK]
1 - CLIENT -> SERVER: Q29ubmV4MTIzNDU=
2018-03-19 14:57:39 [2@ITHELPDESK]
2 - SERVER -> CLIENT: 535 5.7.3 Authentication unsuccessful [BL0PR1501CA0015.namprd15.prod.outlook.com]
2018-03-19 14:57:39 [2@ITHELPDESK]
1 - SMTP ERROR: Password command failed: 535 5.7.3 Authentication unsuccessful [BL0PR1501CA0015.namprd15.prod.outlook.com]
2018-03-19 14:57:39 [2@ITHELPDESK]
3 - SMTP Error: Could not authenticate.2018-03-19 14:57:39 [2@ITHELPDESK]
1 - CLIENT -> SERVER: QUIT
2018-03-19 14:57:39 [2@ITHELPDESK]
2 - SERVER -> CLIENT: 221 2.0.0 Service closing transmission channel
2018-03-19 14:57:39 [2@ITHELPDESK]
3 - Connection: closed2018-03-19 14:57:39 [2@ITHELPDESK]
3 - SMTP connect() failed. https://github.com/PHPMailer/PHPMailer/wiki/Troubleshooting2018-03-19 16:02:38 [2@ITHELPDESK]
3 - Connection: opening to smtp.office365.com:587, timeout=300, options=array (
  'ssl' => 
  array (
    'verify_peer' => false,
    'verify_peer_name' => false,
    'allow_self_signed' => true,
  ),
)2018-03-19 16:02:38 [2@ITHELPDESK]
3 - Connection: opened2018-03-19 16:02:38 [2@ITHELPDESK]
2 - SERVER -> CLIENT: 220 YTXPR0101CA0007.outlook.office365.com Microsoft ESMTP MAIL Service ready at Mon, 19 Mar 2018 20:02:39 +0000
2018-03-19 16:02:38 [2@ITHELPDESK]
1 - CLIENT -> SERVER: EHLO ithelpdesk.connexservice.ca
2018-03-19 16:02:38 [2@ITHELPDESK]
2 - SERVER -> CLIENT: 250-YTXPR0101CA0007.outlook.office365.com Hello [24.244.219.98]
250-SIZE 157286400
250-PIPELINING
250-DSN
250-ENHANCEDSTATUSCODES
250-STARTTLS
250-8BITMIME
250 SMTPUTF8
2018-03-19 16:02:38 [2@ITHELPDESK]
1 - CLIENT -> SERVER: STARTTLS
2018-03-19 16:02:38 [2@ITHELPDESK]
2 - SERVER -> CLIENT: 220 2.0.0 SMTP server ready
2018-03-19 16:02:39 [2@ITHELPDESK]
1 - CLIENT -> SERVER: EHLO ithelpdesk.connexservice.ca
2018-03-19 16:02:39 [2@ITHELPDESK]
2 - SERVER -> CLIENT: 250-YTXPR0101CA0007.outlook.office365.com Hello [24.244.219.98]
250-SIZE 157286400
250-PIPELINING
250-DSN
250-ENHANCEDSTATUSCODES
250-AUTH LOGIN XOAUTH2
250-8BITMIME
250 SMTPUTF8
2018-03-19 16:02:39 [2@ITHELPDESK]
1 - CLIENT -> SERVER: AUTH LOGIN
2018-03-19 16:02:39 [2@ITHELPDESK]
2 - SERVER -> CLIENT: 334 VXNlcm5hbWU6
2018-03-19 16:02:39 [2@ITHELPDESK]
1 - CLIENT -> SERVER: aXRzdXBwb3J0QGNvbm5leHNlcnZpY2UuY2E=
2018-03-19 16:02:39 [2@ITHELPDESK]
2 - SERVER -> CLIENT: 334 UGFzc3dvcmQ6
2018-03-19 16:02:39 [2@ITHELPDESK]
1 - CLIENT -> SERVER: Q29ubmV4MTIzNDU=
2018-03-19 16:02:45 [2@ITHELPDESK]
2 - SERVER -> CLIENT: 535 5.7.3 Authentication unsuccessful [YTXPR0101CA0007.CANPRD01.PROD.OUTLOOK.COM]
2018-03-19 16:02:45 [2@ITHELPDESK]
1 - SMTP ERROR: Password command failed: 535 5.7.3 Authentication unsuccessful [YTXPR0101CA0007.CANPRD01.PROD.OUTLOOK.COM]
2018-03-19 16:02:45 [2@ITHELPDESK]
3 - SMTP Error: Could not authenticate.2018-03-19 16:02:45 [2@ITHELPDESK]
1 - CLIENT -> SERVER: QUIT
2018-03-19 16:02:45 [2@ITHELPDESK]
2 - SERVER -> CLIENT: 221 2.0.0 Service closing transmission channel
2018-03-19 16:02:45 [2@ITHELPDESK]
3 - Connection: closed2018-03-19 16:02:45 [2@ITHELPDESK]
3 - SMTP connect() failed. https://github.com/PHPMailer/PHPMailer/wiki/Troubleshooting2018-03-19 16:03:05 [2@ITHELPDESK]
3 - Connection: opening to smtp.office365.com:587, timeout=300, options=array (
  'ssl' => 
  array (
    'verify_peer' => false,
    'verify_peer_name' => false,
    'allow_self_signed' => true,
  ),
)2018-03-19 16:03:05 [2@ITHELPDESK]
3 - Connection: opened2018-03-19 16:03:05 [2@ITHELPDESK]
2 - SERVER -> CLIENT: 220 YQBPR0101CA0028.outlook.office365.com Microsoft ESMTP MAIL Service ready at Mon, 19 Mar 2018 20:03:05 +0000
2018-03-19 16:03:05 [2@ITHELPDESK]
1 - CLIENT -> SERVER: EHLO ithelpdesk.connexservice.ca
2018-03-19 16:03:05 [2@ITHELPDESK]
2 - SERVER -> CLIENT: 250-YQBPR0101CA0028.outlook.office365.com Hello [24.244.219.98]
250-SIZE 157286400
250-PIPELINING
250-DSN
250-ENHANCEDSTATUSCODES
250-STARTTLS
250-8BITMIME
250 SMTPUTF8
2018-03-19 16:03:05 [2@ITHELPDESK]
1 - CLIENT -> SERVER: STARTTLS
2018-03-19 16:03:05 [2@ITHELPDESK]
2 - SERVER -> CLIENT: 220 2.0.0 SMTP server ready
2018-03-19 16:03:05 [2@ITHELPDESK]
1 - CLIENT -> SERVER: EHLO ithelpdesk.connexservice.ca
2018-03-19 16:03:05 [2@ITHELPDESK]
2 - SERVER -> CLIENT: 250-YQBPR0101CA0028.outlook.office365.com Hello [24.244.219.98]
250-SIZE 157286400
250-PIPELINING
250-DSN
250-ENHANCEDSTATUSCODES
250-AUTH LOGIN XOAUTH2
250-8BITMIME
250 SMTPUTF8
2018-03-19 16:03:05 [2@ITHELPDESK]
1 - CLIENT -> SERVER: AUTH LOGIN
2018-03-19 16:03:05 [2@ITHELPDESK]
2 - SERVER -> CLIENT: 334 VXNlcm5hbWU6
2018-03-19 16:03:06 [2@ITHELPDESK]
1 - CLIENT -> SERVER: aXRzdXBwb3J0QGNvbm5leHNlcnZpY2UuY2E=
2018-03-19 16:03:06 [2@ITHELPDESK]
2 - SERVER -> CLIENT: 334 UGFzc3dvcmQ6
2018-03-19 16:03:06 [2@ITHELPDESK]
1 - CLIENT -> SERVER: Q29ubmV4MTIzNDU=
2018-03-19 16:03:11 [2@ITHELPDESK]
2 - SERVER -> CLIENT: 535 5.7.3 Authentication unsuccessful [YQBPR0101CA0028.CANPRD01.PROD.OUTLOOK.COM]
2018-03-19 16:03:11 [2@ITHELPDESK]
1 - SMTP ERROR: Password command failed: 535 5.7.3 Authentication unsuccessful [YQBPR0101CA0028.CANPRD01.PROD.OUTLOOK.COM]
2018-03-19 16:03:11 [2@ITHELPDESK]
3 - SMTP Error: Could not authenticate.2018-03-19 16:03:11 [2@ITHELPDESK]
1 - CLIENT -> SERVER: QUIT
2018-03-19 16:03:11 [2@ITHELPDESK]
2 - SERVER -> CLIENT: 221 2.0.0 Service closing transmission channel
2018-03-19 16:03:11 [2@ITHELPDESK]
3 - Connection: closed2018-03-19 16:03:11 [2@ITHELPDESK]
3 - SMTP connect() failed. https://github.com/PHPMailer/PHPMailer/wiki/Troubleshooting2018-03-19 16:03:40 [2@ITHELPDESK]
3 - Connection: opening to smtp.office365.com:587, timeout=300, options=array (
  'ssl' => 
  array (
    'verify_peer' => false,
    'verify_peer_name' => false,
    'allow_self_signed' => true,
  ),
)2018-03-19 16:03:40 [2@ITHELPDESK]
3 - Connection: opened2018-03-19 16:03:40 [2@ITHELPDESK]
2 - SERVER -> CLIENT: 220 YQBPR0101CA0016.outlook.office365.com Microsoft ESMTP MAIL Service ready at Mon, 19 Mar 2018 20:03:41 +0000
2018-03-19 16:03:40 [2@ITHELPDESK]
1 - CLIENT -> SERVER: EHLO ithelpdesk.connexservice.ca
2018-03-19 16:03:40 [2@ITHELPDESK]
2 - SERVER -> CLIENT: 250-YQBPR0101CA0016.outlook.office365.com Hello [24.244.219.98]
250-SIZE 157286400
250-PIPELINING
250-DSN
250-ENHANCEDSTATUSCODES
250-STARTTLS
250-8BITMIME
250 SMTPUTF8
2018-03-19 16:03:40 [2@ITHELPDESK]
1 - CLIENT -> SERVER: STARTTLS
2018-03-19 16:03:40 [2@ITHELPDESK]
2 - SERVER -> CLIENT: 220 2.0.0 SMTP server ready
2018-03-19 16:03:40 [2@ITHELPDESK]
1 - CLIENT -> SERVER: EHLO ithelpdesk.connexservice.ca
2018-03-19 16:03:40 [2@ITHELPDESK]
2 - SERVER -> CLIENT: 250-YQBPR0101CA0016.outlook.office365.com Hello [24.244.219.98]
250-SIZE 157286400
250-PIPELINING
250-DSN
250-ENHANCEDSTATUSCODES
250-AUTH LOGIN XOAUTH2
250-8BITMIME
250 SMTPUTF8
2018-03-19 16:03:40 [2@ITHELPDESK]
1 - CLIENT -> SERVER: AUTH LOGIN
2018-03-19 16:03:40 [2@ITHELPDESK]
2 - SERVER -> CLIENT: 334 VXNlcm5hbWU6
2018-03-19 16:03:40 [2@ITHELPDESK]
1 - CLIENT -> SERVER: aXRzdXBwb3J0QGNvbm5leHNlcnZpY2UuY2E=
2018-03-19 16:03:40 [2@ITHELPDESK]
2 - SERVER -> CLIENT: 334 UGFzc3dvcmQ6
2018-03-19 16:03:40 [2@ITHELPDESK]
1 - CLIENT -> SERVER: Q29ubmV4MTIzNDU=
2018-03-19 16:03:46 [2@ITHELPDESK]
2 - SERVER -> CLIENT: 535 5.7.3 Authentication unsuccessful [YQBPR0101CA0016.CANPRD01.PROD.OUTLOOK.COM]
2018-03-19 16:03:46 [2@ITHELPDESK]
1 - SMTP ERROR: Password command failed: 535 5.7.3 Authentication unsuccessful [YQBPR0101CA0016.CANPRD01.PROD.OUTLOOK.COM]
2018-03-19 16:03:46 [2@ITHELPDESK]
3 - SMTP Error: Could not authenticate.2018-03-19 16:03:46 [2@ITHELPDESK]
1 - CLIENT -> SERVER: QUIT
2018-03-19 16:03:46 [2@ITHELPDESK]
2 - SERVER -> CLIENT: 221 2.0.0 Service closing transmission channel
2018-03-19 16:03:46 [2@ITHELPDESK]
3 - Connection: closed2018-03-19 16:03:46 [2@ITHELPDESK]
3 - SMTP connect() failed. https://github.com/PHPMailer/PHPMailer/wiki/Troubleshooting2018-03-19 16:03:59 [2@ITHELPDESK]
3 - Connection: opening to smtp.office365.com:587, timeout=300, options=array (
  'ssl' => 
  array (
    'verify_peer' => false,
    'verify_peer_name' => false,
    'allow_self_signed' => true,
  ),
)2018-03-19 16:03:59 [2@ITHELPDESK]
3 - Connection: opened2018-03-19 16:03:59 [2@ITHELPDESK]
2 - SERVER -> CLIENT: 220 YQBPR0101CA0031.outlook.office365.com Microsoft ESMTP MAIL Service ready at Mon, 19 Mar 2018 20:04:00 +0000
2018-03-19 16:03:59 [2@ITHELPDESK]
1 - CLIENT -> SERVER: EHLO ithelpdesk.connexservice.ca
2018-03-19 16:03:59 [2@ITHELPDESK]
2 - SERVER -> CLIENT: 250-YQBPR0101CA0031.outlook.office365.com Hello [24.244.219.98]
250-SIZE 157286400
250-PIPELINING
250-DSN
250-ENHANCEDSTATUSCODES
250-STARTTLS
250-8BITMIME
250 SMTPUTF8
2018-03-19 16:03:59 [2@ITHELPDESK]
1 - CLIENT -> SERVER: STARTTLS
2018-03-19 16:03:59 [2@ITHELPDESK]
2 - SERVER -> CLIENT: 220 2.0.0 SMTP server ready
2018-03-19 16:03:59 [2@ITHELPDESK]
1 - CLIENT -> SERVER: EHLO ithelpdesk.connexservice.ca
2018-03-19 16:03:59 [2@ITHELPDESK]
2 - SERVER -> CLIENT: 250-YQBPR0101CA0031.outlook.office365.com Hello [24.244.219.98]
250-SIZE 157286400
250-PIPELINING
250-DSN
250-ENHANCEDSTATUSCODES
250-AUTH LOGIN XOAUTH2
250-8BITMIME
250 SMTPUTF8
2018-03-19 16:03:59 [2@ITHELPDESK]
1 - CLIENT -> SERVER: MAIL FROM:<hvo@connexservice.ca>
2018-03-19 16:04:04 [2@ITHELPDESK]
2 - SERVER -> CLIENT: 530 5.7.57 SMTP; Client was not authenticated to send anonymous mail during MAIL FROM [YQBPR0101CA0031.CANPRD01.PROD.OUTLOOK.COM]
2018-03-19 16:04:04 [2@ITHELPDESK]
1 - SMTP ERROR: MAIL FROM command failed: 530 5.7.57 SMTP; Client was not authenticated to send anonymous mail during MAIL FROM [YQBPR0101CA0031.CANPRD01.PROD.OUTLOOK.COM]
2018-03-19 16:04:04 [2@ITHELPDESK]
3 - The following From address failed: hvo@connexservice.ca : MAIL FROM command failed,5.7.57 SMTP; Client was not authenticated to send anonymous mail during MAIL FROM [YQBPR0101CA0031.CANPRD01.PROD.OUTLOOK.COM]
,530,SMTP server error: MAIL FROM command failed Detail: 5.7.57 SMTP; Client was not authenticated to send anonymous mail during MAIL FROM [YQBPR0101CA0031.CANPRD01.PROD.OUTLOOK.COM]
 SMTP code: 5302018-03-19 16:04:04 [2@ITHELPDESK]
1 - CLIENT -> SERVER: QUIT
2018-03-19 16:04:04 [2@ITHELPDESK]
2 - SERVER -> CLIENT: 2018-03-19 16:04:04 [2@ITHELPDESK]
1 - SMTP ERROR: QUIT command failed: 2018-03-19 16:04:04 [2@ITHELPDESK]
3 - Connection: closed2018-03-19 16:04:15 [2@ITHELPDESK]
3 - Connection: opening to smtp.office365.com:587, timeout=300, options=array (
  'ssl' => 
  array (
    'verify_peer' => false,
    'verify_peer_name' => false,
    'allow_self_signed' => true,
  ),
)2018-03-19 16:04:15 [2@ITHELPDESK]
3 - Connection: opened2018-03-19 16:04:15 [2@ITHELPDESK]
2 - SERVER -> CLIENT: 220 YTXPR0101CA0020.outlook.office365.com Microsoft ESMTP MAIL Service ready at Mon, 19 Mar 2018 20:04:16 +0000
2018-03-19 16:04:15 [2@ITHELPDESK]
1 - CLIENT -> SERVER: EHLO ithelpdesk.connexservice.ca
2018-03-19 16:04:15 [2@ITHELPDESK]
2 - SERVER -> CLIENT: 250-YTXPR0101CA0020.outlook.office365.com Hello [24.244.219.98]
250-SIZE 157286400
250-PIPELINING
250-DSN
250-ENHANCEDSTATUSCODES
250-STARTTLS
250-8BITMIME
250 SMTPUTF8
2018-03-19 16:04:15 [2@ITHELPDESK]
1 - CLIENT -> SERVER: STARTTLS
2018-03-19 16:04:15 [2@ITHELPDESK]
2 - SERVER -> CLIENT: 220 2.0.0 SMTP server ready
2018-03-19 16:04:15 [2@ITHELPDESK]
1 - CLIENT -> SERVER: EHLO ithelpdesk.connexservice.ca
2018-03-19 16:04:15 [2@ITHELPDESK]
2 - SERVER -> CLIENT: 250-YTXPR0101CA0020.outlook.office365.com Hello [24.244.219.98]
250-SIZE 157286400
250-PIPELINING
250-DSN
250-ENHANCEDSTATUSCODES
250-AUTH LOGIN XOAUTH2
250-8BITMIME
250 SMTPUTF8
2018-03-19 16:04:15 [2@ITHELPDESK]
1 - CLIENT -> SERVER: MAIL FROM:<hvo@connexservice.ca>
2018-03-19 16:04:20 [2@ITHELPDESK]
2 - SERVER -> CLIENT: 530 5.7.57 SMTP; Client was not authenticated to send anonymous mail during MAIL FROM [YTXPR0101CA0020.CANPRD01.PROD.OUTLOOK.COM]
2018-03-19 16:04:20 [2@ITHELPDESK]
1 - SMTP ERROR: MAIL FROM command failed: 530 5.7.57 SMTP; Client was not authenticated to send anonymous mail during MAIL FROM [YTXPR0101CA0020.CANPRD01.PROD.OUTLOOK.COM]
2018-03-19 16:04:20 [2@ITHELPDESK]
3 - The following From address failed: hvo@connexservice.ca : MAIL FROM command failed,5.7.57 SMTP; Client was not authenticated to send anonymous mail during MAIL FROM [YTXPR0101CA0020.CANPRD01.PROD.OUTLOOK.COM]
,530,SMTP server error: MAIL FROM command failed Detail: 5.7.57 SMTP; Client was not authenticated to send anonymous mail during MAIL FROM [YTXPR0101CA0020.CANPRD01.PROD.OUTLOOK.COM]
 SMTP code: 5302018-03-19 16:04:20 [2@ITHELPDESK]
1 - CLIENT -> SERVER: QUIT
2018-03-19 16:04:20 [2@ITHELPDESK]
2 - SERVER -> CLIENT: 2018-03-19 16:04:20 [2@ITHELPDESK]
1 - SMTP ERROR: QUIT command failed: 2018-03-19 16:04:20 [2@ITHELPDESK]
3 - Connection: closed2018-03-19 16:04:51 [2@ITHELPDESK]
3 - Connection: opening to smtp.office365.com:587, timeout=300, options=array (
  'ssl' => 
  array (
    'verify_peer' => false,
    'verify_peer_name' => false,
    'allow_self_signed' => true,
  ),
)2018-03-19 16:04:51 [2@ITHELPDESK]
3 - Connection: opened2018-03-19 16:04:51 [2@ITHELPDESK]
2 - SERVER -> CLIENT: 220 YTXPR0101CA0028.outlook.office365.com Microsoft ESMTP MAIL Service ready at Mon, 19 Mar 2018 20:04:52 +0000
2018-03-19 16:04:51 [2@ITHELPDESK]
1 - CLIENT -> SERVER: EHLO ithelpdesk.connexservice.ca
2018-03-19 16:04:51 [2@ITHELPDESK]
2 - SERVER -> CLIENT: 250-YTXPR0101CA0028.outlook.office365.com Hello [24.244.219.98]
250-SIZE 157286400
250-PIPELINING
250-DSN
250-ENHANCEDSTATUSCODES
250-STARTTLS
250-8BITMIME
250 SMTPUTF8
2018-03-19 16:04:51 [2@ITHELPDESK]
1 - CLIENT -> SERVER: STARTTLS
2018-03-19 16:04:51 [2@ITHELPDESK]
2 - SERVER -> CLIENT: 220 2.0.0 SMTP server ready
2018-03-19 16:04:51 [2@ITHELPDESK]
1 - CLIENT -> SERVER: EHLO ithelpdesk.connexservice.ca
2018-03-19 16:04:51 [2@ITHELPDESK]
2 - SERVER -> CLIENT: 250-YTXPR0101CA0028.outlook.office365.com Hello [24.244.219.98]
250-SIZE 157286400
250-PIPELINING
250-DSN
250-ENHANCEDSTATUSCODES
250-AUTH LOGIN XOAUTH2
250-8BITMIME
250 SMTPUTF8
2018-03-19 16:04:51 [2@ITHELPDESK]
1 - CLIENT -> SERVER: AUTH LOGIN
2018-03-19 16:04:51 [2@ITHELPDESK]
2 - SERVER -> CLIENT: 334 VXNlcm5hbWU6
2018-03-19 16:04:51 [2@ITHELPDESK]
1 - CLIENT -> SERVER: aHZvQGNvbm5leHNlcnZpY2UuY2E=
2018-03-19 16:04:51 [2@ITHELPDESK]
2 - SERVER -> CLIENT: 334 UGFzc3dvcmQ6
2018-03-19 16:04:51 [2@ITHELPDESK]
1 - CLIENT -> SERVER: QmxvY2tib3gyMQ==
2018-03-19 16:04:52 [2@ITHELPDESK]
2 - SERVER -> CLIENT: 235 2.7.0 Authentication successful target host YTXPR0101MB1390.CANPRD01.PROD.OUTLOOK.COM
2018-03-19 16:04:52 [2@ITHELPDESK]
1 - CLIENT -> SERVER: MAIL FROM:<hvo@connexservice.ca>
2018-03-19 16:04:52 [2@ITHELPDESK]
2 - SERVER -> CLIENT: 250 2.1.0 Sender OK
2018-03-19 16:04:52 [2@ITHELPDESK]
1 - CLIENT -> SERVER: RCPT TO:<hvo@connexservice.ca>
2018-03-19 16:04:52 [2@ITHELPDESK]
2 - SERVER -> CLIENT: 250 2.1.5 Recipient OK
2018-03-19 16:04:52 [2@ITHELPDESK]
1 - CLIENT -> SERVER: DATA
2018-03-19 16:04:52 [2@ITHELPDESK]
2 - SERVER -> CLIENT: 354 Start mail input; end with <CRLF>.<CRLF>
2018-03-19 16:04:52 [2@ITHELPDESK]
1 - CLIENT -> SERVER: Date: Mon, 19 Mar 2018 16:04:51 -0400
2018-03-19 16:04:52 [2@ITHELPDESK]
1 - CLIENT -> SERVER: To: IT Support <hvo@connexservice.ca>
2018-03-19 16:04:52 [2@ITHELPDESK]
1 - CLIENT -> SERVER: From: IT Support <hvo@connexservice.ca>
2018-03-19 16:04:52 [2@ITHELPDESK]
1 - CLIENT -> SERVER: Subject: [GLPI] Mail test
2018-03-19 16:04:52 [2@ITHELPDESK]
1 - CLIENT -> SERVER: Message-ID: <74f598b711aab823ae681c761f00baa7@ithelpdesk.connexservice.ca>
2018-03-19 16:04:52 [2@ITHELPDESK]
1 - CLIENT -> SERVER: X-Mailer: PHPMailer 5.2.24 (https://github.com/PHPMailer/PHPMailer)
2018-03-19 16:04:52 [2@ITHELPDESK]
1 - CLIENT -> SERVER: Auto-Submitted: auto-generated
2018-03-19 16:04:52 [2@ITHELPDESK]
1 - CLIENT -> SERVER: X-Auto-Response-Suppress: OOF, DR, NDR, RN, NRN
2018-03-19 16:04:52 [2@ITHELPDESK]
1 - CLIENT -> SERVER: MIME-Version: 1.0
2018-03-19 16:04:52 [2@ITHELPDESK]
1 - CLIENT -> SERVER: Content-Type: text/plain; charset=utf-8
2018-03-19 16:04:52 [2@ITHELPDESK]
1 - CLIENT -> SERVER: 
2018-03-19 16:04:52 [2@ITHELPDESK]
1 - CLIENT -> SERVER: This is a test email.
2018-03-19 16:04:52 [2@ITHELPDESK]
1 - CLIENT -> SERVER: -- 
2018-03-19 16:04:52 [2@ITHELPDESK]
1 - CLIENT -> SERVER: Connex Telecommunications Help Desk
2018-03-19 16:04:52 [2@ITHELPDESK]
1 - CLIENT -> SERVER: 
2018-03-19 16:04:52 [2@ITHELPDESK]
1 - CLIENT -> SERVER: .
2018-03-19 16:04:52 [2@ITHELPDESK]
2 - SERVER -> CLIENT: 250 2.6.0 <74f598b711aab823ae681c761f00baa7@ithelpdesk.connexservice.ca> [InternalId=23390391894380, Hostname=YTXPR0101MB1390.CANPRD01.PROD.OUTLOOK.COM] 3309 bytes in 0.308, 10.471 KB/sec Queued mail for delivery
2018-03-19 16:04:52 [2@ITHELPDESK]
1 - CLIENT -> SERVER: QUIT
2018-03-19 16:04:52 [2@ITHELPDESK]
2 - SERVER -> CLIENT: 221 2.0.0 Service closing transmission channel
2018-03-19 16:04:52 [2@ITHELPDESK]
3 - Connection: closed2018-03-19 16:06:18 [2@ITHELPDESK]
3 - Connection: opening to smtp.office365.com:587, timeout=300, options=array (
  'ssl' => 
  array (
    'verify_peer' => false,
    'verify_peer_name' => false,
    'allow_self_signed' => true,
  ),
)2018-03-19 16:06:18 [2@ITHELPDESK]
3 - Connection: opened2018-03-19 16:06:18 [2@ITHELPDESK]
2 - SERVER -> CLIENT: 220 YTXPR0101CA0041.outlook.office365.com Microsoft ESMTP MAIL Service ready at Mon, 19 Mar 2018 20:06:19 +0000
2018-03-19 16:06:18 [2@ITHELPDESK]
1 - CLIENT -> SERVER: EHLO ithelpdesk.connexservice.ca
2018-03-19 16:06:18 [2@ITHELPDESK]
2 - SERVER -> CLIENT: 250-YTXPR0101CA0041.outlook.office365.com Hello [24.244.219.98]
250-SIZE 157286400
250-PIPELINING
250-DSN
250-ENHANCEDSTATUSCODES
250-STARTTLS
250-8BITMIME
250 SMTPUTF8
2018-03-19 16:06:18 [2@ITHELPDESK]
1 - CLIENT -> SERVER: STARTTLS
2018-03-19 16:06:18 [2@ITHELPDESK]
2 - SERVER -> CLIENT: 220 2.0.0 SMTP server ready
2018-03-19 16:06:18 [2@ITHELPDESK]
1 - CLIENT -> SERVER: EHLO ithelpdesk.connexservice.ca
2018-03-19 16:06:18 [2@ITHELPDESK]
2 - SERVER -> CLIENT: 250-YTXPR0101CA0041.outlook.office365.com Hello [24.244.219.98]
250-SIZE 157286400
250-PIPELINING
250-DSN
250-ENHANCEDSTATUSCODES
250-AUTH LOGIN XOAUTH2
250-8BITMIME
250 SMTPUTF8
2018-03-19 16:06:18 [2@ITHELPDESK]
1 - CLIENT -> SERVER: AUTH LOGIN
2018-03-19 16:06:18 [2@ITHELPDESK]
2 - SERVER -> CLIENT: 334 VXNlcm5hbWU6
2018-03-19 16:06:18 [2@ITHELPDESK]
1 - CLIENT -> SERVER: aHZvQGNvbm5leHNlcnZpY2UuY2E=
2018-03-19 16:06:18 [2@ITHELPDESK]
2 - SERVER -> CLIENT: 334 UGFzc3dvcmQ6
2018-03-19 16:06:18 [2@ITHELPDESK]
1 - CLIENT -> SERVER: QmxvY2tib3gyMQ==
2018-03-19 16:06:19 [2@ITHELPDESK]
2 - SERVER -> CLIENT: 235 2.7.0 Authentication successful target host YQXPR0101MB1384.CANPRD01.PROD.OUTLOOK.COM
2018-03-19 16:06:19 [2@ITHELPDESK]
1 - CLIENT -> SERVER: MAIL FROM:<hvo@connexservice.ca>
2018-03-19 16:06:20 [2@ITHELPDESK]
2 - SERVER -> CLIENT: 250 2.1.0 Sender OK
2018-03-19 16:06:20 [2@ITHELPDESK]
1 - CLIENT -> SERVER: RCPT TO:<hvo@connexservice.ca>
2018-03-19 16:06:20 [2@ITHELPDESK]
2 - SERVER -> CLIENT: 250 2.1.5 Recipient OK
2018-03-19 16:06:20 [2@ITHELPDESK]
1 - CLIENT -> SERVER: DATA
2018-03-19 16:06:20 [2@ITHELPDESK]
2 - SERVER -> CLIENT: 354 Start mail input; end with <CRLF>.<CRLF>
2018-03-19 16:06:20 [2@ITHELPDESK]
1 - CLIENT -> SERVER: Date: Mon, 19 Mar 2018 16:06:18 -0400
2018-03-19 16:06:20 [2@ITHELPDESK]
1 - CLIENT -> SERVER: To: IT Support <hvo@connexservice.ca>
2018-03-19 16:06:20 [2@ITHELPDESK]
1 - CLIENT -> SERVER: From: IT Support <hvo@connexservice.ca>
2018-03-19 16:06:20 [2@ITHELPDESK]
1 - CLIENT -> SERVER: Subject: [GLPI] Mail test
2018-03-19 16:06:20 [2@ITHELPDESK]
1 - CLIENT -> SERVER: Message-ID: <1898182526a3591a8c958d5066611bc1@ithelpdesk.connexservice.ca>
2018-03-19 16:06:20 [2@ITHELPDESK]
1 - CLIENT -> SERVER: X-Mailer: PHPMailer 5.2.24 (https://github.com/PHPMailer/PHPMailer)
2018-03-19 16:06:20 [2@ITHELPDESK]
1 - CLIENT -> SERVER: Auto-Submitted: auto-generated
2018-03-19 16:06:20 [2@ITHELPDESK]
1 - CLIENT -> SERVER: X-Auto-Response-Suppress: OOF, DR, NDR, RN, NRN
2018-03-19 16:06:20 [2@ITHELPDESK]
1 - CLIENT -> SERVER: MIME-Version: 1.0
2018-03-19 16:06:20 [2@ITHELPDESK]
1 - CLIENT -> SERVER: Content-Type: text/plain; charset=utf-8
2018-03-19 16:06:20 [2@ITHELPDESK]
1 - CLIENT -> SERVER: 
2018-03-19 16:06:20 [2@ITHELPDESK]
1 - CLIENT -> SERVER: This is a test email.
2018-03-19 16:06:20 [2@ITHELPDESK]
1 - CLIENT -> SERVER: -- 
2018-03-19 16:06:20 [2@ITHELPDESK]
1 - CLIENT -> SERVER: Connex Telecommunications Help Desk
2018-03-19 16:06:20 [2@ITHELPDESK]
1 - CLIENT -> SERVER: 
2018-03-19 16:06:20 [2@ITHELPDESK]
1 - CLIENT -> SERVER: .
2018-03-19 16:06:20 [2@ITHELPDESK]
2 - SERVER -> CLIENT: 250 2.6.0 <1898182526a3591a8c958d5066611bc1@ithelpdesk.connexservice.ca> [InternalId=15345918149166, Hostname=YQXPR0101MB1384.CANPRD01.PROD.OUTLOOK.COM] 3314 bytes in 0.230, 14.040 KB/sec Queued mail for delivery
2018-03-19 16:06:20 [2@ITHELPDESK]
1 - CLIENT -> SERVER: QUIT
2018-03-19 16:06:20 [2@ITHELPDESK]
2 - SERVER -> CLIENT: 221 2.0.0 Service closing transmission channel
2018-03-19 16:06:20 [2@ITHELPDESK]
3 - Connection: closed