2017-10-27 13:12:23 [11@ITHELPDESK]
An email to skathirgamanathan@connexservice.ca was added to queue: [GLPI] Your request has been saved
2017-10-27 13:12:24 [11@ITHELPDESK]
An email to itsupport@connexservice.ca was added to queue: [GLPI #0000026] New ticket Incident  - Hardware
2017-10-27 13:12:24 [11@ITHELPDESK]
An email to tdinardo@connexservice.ca was added to queue: [GLPI #0000026] New ticket Incident  - Hardware
2017-10-27 13:12:24 [11@ITHELPDESK]
An email to admsys@localhost was added to queue: [GLPI #0000026] New ticket Incident  - Hardware
2017-10-27 13:12:24 [11@ITHELPDESK]
An email to skathirgamanathan@connexservice.ca was added to queue: [GLPI #0000026] New ticket Incident  - Hardware
2017-10-27 13:12:24 [11@ITHELPDESK]
An email to itsupport@connexservice.ca was added to queue: [GLPI #0000026] New ticket Incident  - Hardware
2017-10-27 13:12:24 [11@ITHELPDESK]
An email to tdinardo@connexservice.ca was added to queue: [GLPI #0000026] New ticket Incident  - Hardware
2017-10-27 16:03:40 [74@ITHELPDESK]
An email to admsys@localhost was added to queue: [GLPI #0000020] Closing of the ticket Incident  - Hardware
2017-10-27 16:08:22 [74@ITHELPDESK]
An email to admsys@localhost was added to queue: [GLPI #0000016] Closing of the ticket New Hire Form 
2017-10-27 16:08:22 [74@ITHELPDESK]
An email to skathirgamanathan@connexservice.ca was added to queue: [GLPI #0000016] Closing of the ticket New Hire Form 
2017-10-27 16:14:50 [74@ITHELPDESK]
An email to admsys@localhost was added to queue: [GLPI #0000018] Closing of the ticket New Hire Form 
2017-10-27 16:14:51 [74@ITHELPDESK]
An email to skathirgamanathan@connexservice.ca was added to queue: [GLPI #0000018] Closing of the ticket New Hire Form 
2017-10-27 16:15:43 [74@ITHELPDESK]
An email to admsys@localhost was added to queue: [GLPI #0000018] New followup New Hire Form 
2017-10-27 16:15:43 [74@ITHELPDESK]
An email to skathirgamanathan@connexservice.ca was added to queue: [GLPI #0000018] New followup New Hire Form 
2017-10-27 16:49:35 [74@ITHELPDESK]
An email to admsys@localhost was added to queue: [GLPI #0000019] New followup Request  - Hardware
2017-10-30 10:53:02 [11@ITHELPDESK]
An email to suhinthan.k@gmail.com was added to queue: [GLPI] Your request has been saved
2017-10-30 10:53:03 [11@ITHELPDESK]
An email to itsupport@connexservice.ca was added to queue: [GLPI #0000031] New ticket Incident  - Hardware
2017-10-30 10:53:03 [11@ITHELPDESK]
An email to tdinardo@connexservice.ca was added to queue: [GLPI #0000031] New ticket Incident  - Hardware
2017-10-30 10:53:03 [11@ITHELPDESK]
An email to suhinthan.k@gmail.com was added to queue: [GLPI #0000031] New ticket Incident  - Hardware
2017-10-30 10:53:03 [11@ITHELPDESK]
An email to skathirgamanathan@connexservice.ca was added to queue: [GLPI #0000031] New ticket Incident  - Hardware
2017-10-30 10:53:03 [11@ITHELPDESK]
An email to itsupport@connexservice.ca was added to queue: [GLPI #0000031] New ticket Incident  - Hardware
2017-10-30 10:53:03 [11@ITHELPDESK]
An email to tdinardo@connexservice.ca was added to queue: [GLPI #0000031] New ticket Incident  - Hardware
2017-10-30 10:53:03 [11@ITHELPDESK]
An email to itsupport@connexservice.ca was added to queue: [GLPI #0000031] New ticket Incident  - Hardware
2017-10-30 10:53:03 [11@ITHELPDESK]
An email to tdinardo@connexservice.ca was added to queue: [GLPI #0000031] New ticket Incident  - Hardware
2017-11-01 12:00:16 [8@ITHELPDESK]
An email to itsupport@connexservice.ca was added to queue: [GLPI] Your request has been saved
2017-11-01 12:00:17 [8@ITHELPDESK]
An email to itsupport@connexservice.ca was added to queue: [GLPI #0000050] Nouveau ticket Incident  - Hardware
2017-11-01 12:00:17 [8@ITHELPDESK]
An email to tdinardo@connexservice.ca was added to queue: [GLPI #0000050] New ticket Incident  - Hardware
2017-11-01 12:00:17 [8@ITHELPDESK]
An email to skathirgamanathan@connexservice.ca was added to queue: [GLPI #0000050] New ticket Incident  - Hardware
2017-11-01 12:00:17 [8@ITHELPDESK]
An email to itsupport@connexservice.ca was added to queue: [GLPI #0000050] Nouveau ticket Incident  - Hardware
2017-11-01 12:00:17 [8@ITHELPDESK]
An email to tdinardo@connexservice.ca was added to queue: [GLPI #0000050] New ticket Incident  - Hardware
2017-11-01 12:00:18 [8@ITHELPDESK]
An email to itsupport@connexservice.ca was added to queue: [GLPI #0000050] Nouveau ticket Incident  - Hardware
2017-11-01 12:00:18 [8@ITHELPDESK]
An email to tdinardo@connexservice.ca was added to queue: [GLPI #0000050] New ticket Incident  - Hardware
2017-11-02 10:08:49 [61@ITHELPDESK]
An email to shaziprodromu@connexservice.ca was added to queue: [GLPI] Your request has been saved
2017-11-02 10:08:49 [61@ITHELPDESK]
An email to itsupport@connexservice.ca was added to queue: [GLPI #0000057] New ticket Incident  - Hardware
2017-11-02 10:08:49 [61@ITHELPDESK]
An email to tdinardo@connexservice.ca was added to queue: [GLPI #0000057] New ticket Incident  - Hardware
2017-11-02 10:08:49 [61@ITHELPDESK]
An email to skathirgamanathan@connexservice.ca was added to queue: [GLPI #0000057] New ticket Incident  - Hardware
2017-11-02 10:08:49 [61@ITHELPDESK]
An email to itsupport@connexservice.ca was added to queue: [GLPI #0000057] New ticket Incident  - Hardware
2017-11-02 10:08:49 [61@ITHELPDESK]
An email to tdinardo@connexservice.ca was added to queue: [GLPI #0000057] New ticket Incident  - Hardware
2017-11-02 10:08:50 [61@ITHELPDESK]
An email to itsupport@connexservice.ca was added to queue: [GLPI #0000057] New ticket Incident  - Hardware
2017-11-02 10:08:50 [61@ITHELPDESK]
An email to tdinardo@connexservice.ca was added to queue: [GLPI #0000057] New ticket Incident  - Hardware
2017-11-02 10:15:36 [61@ITHELPDESK]
An email to shaziprodromu@connexservice.ca was added to queue: [GLPI] Your request has been saved
2017-11-02 10:15:37 [61@ITHELPDESK]
An email to itsupport@connexservice.ca was added to queue: [GLPI #0000058] New ticket Incident  - Hardware
2017-11-02 10:15:37 [61@ITHELPDESK]
An email to tdinardo@connexservice.ca was added to queue: [GLPI #0000058] New ticket Incident  - Hardware
2017-11-02 10:15:37 [61@ITHELPDESK]
An email to skathirgamanathan@connexservice.ca was added to queue: [GLPI #0000058] New ticket Incident  - Hardware
2017-11-02 10:15:37 [61@ITHELPDESK]
An email to itsupport@connexservice.ca was added to queue: [GLPI #0000058] New ticket Incident  - Hardware
2017-11-02 10:15:37 [61@ITHELPDESK]
An email to tdinardo@connexservice.ca was added to queue: [GLPI #0000058] New ticket Incident  - Hardware
2017-11-02 10:15:37 [61@ITHELPDESK]
An email to itsupport@connexservice.ca was added to queue: [GLPI #0000058] New ticket Incident  - Hardware
2017-11-02 10:15:37 [61@ITHELPDESK]
An email to tdinardo@connexservice.ca was added to queue: [GLPI #0000058] New ticket Incident  - Hardware
2017-11-02 10:17:00 [61@ITHELPDESK]
An email to shaziprodromu@connexservice.ca was added to queue: [GLPI] Your request has been saved
2017-11-02 10:17:00 [61@ITHELPDESK]
An email to itsupport@connexservice.ca was added to queue: [GLPI #0000059] New ticket Incident  - Hardware
2017-11-02 10:17:00 [61@ITHELPDESK]
An email to tdinardo@connexservice.ca was added to queue: [GLPI #0000059] New ticket Incident  - Hardware
2017-11-02 10:17:00 [61@ITHELPDESK]
An email to skathirgamanathan@connexservice.ca was added to queue: [GLPI #0000059] New ticket Incident  - Hardware
2017-11-02 10:17:00 [61@ITHELPDESK]
An email to itsupport@connexservice.ca was added to queue: [GLPI #0000059] New ticket Incident  - Hardware
2017-11-02 10:17:00 [61@ITHELPDESK]
An email to tdinardo@connexservice.ca was added to queue: [GLPI #0000059] New ticket Incident  - Hardware
2017-11-02 10:17:00 [61@ITHELPDESK]
An email to itsupport@connexservice.ca was added to queue: [GLPI #0000059] New ticket Incident  - Hardware
2017-11-02 10:17:00 [61@ITHELPDESK]
An email to tdinardo@connexservice.ca was added to queue: [GLPI #0000059] New ticket Incident  - Hardware
2017-11-02 10:36:38 [11@ITHELPDESK]
An email to suhinthan.k@gmail.com was added to queue: [GLPI] Your request has been saved
2017-11-02 10:36:39 [11@ITHELPDESK]
An email to itsupport@connexservice.ca was added to queue: [GLPI #0000060] New ticket Incident  - Hardware
2017-11-02 10:36:39 [11@ITHELPDESK]
An email to tdinardo@connexservice.ca was added to queue: [GLPI #0000060] New ticket Incident  - Hardware
2017-11-02 10:36:39 [11@ITHELPDESK]
An email to suhinthan.k@gmail.com was added to queue: [GLPI #0000060] New ticket Incident  - Hardware
2017-11-02 10:36:39 [11@ITHELPDESK]
An email to skathirgamanathan@connexservice.ca was added to queue: [GLPI #0000060] New ticket Incident  - Hardware
2017-11-02 10:36:39 [11@ITHELPDESK]
An email to itsupport@connexservice.ca was added to queue: [GLPI #0000060] New ticket Incident  - Hardware
2017-11-02 10:36:39 [11@ITHELPDESK]
An email to tdinardo@connexservice.ca was added to queue: [GLPI #0000060] New ticket Incident  - Hardware
2017-11-02 10:36:39 [11@ITHELPDESK]
An email to itsupport@connexservice.ca was added to queue: [GLPI #0000060] New ticket Incident  - Hardware
2017-11-02 10:36:39 [11@ITHELPDESK]
An email to tdinardo@connexservice.ca was added to queue: [GLPI #0000060] New ticket Incident  - Hardware
2017-11-02 11:11:43 [11@ITHELPDESK]
An email to suhinthan.k@gmail.com was added to queue: [GLPI] Your request has been saved
2017-11-02 11:11:44 [11@ITHELPDESK]
An email to itsupport@connexservice.ca was added to queue: [GLPI #0000061] New ticket Incident  - Hardware
2017-11-02 11:11:44 [11@ITHELPDESK]
An email to tdinardo@connexservice.ca was added to queue: [GLPI #0000061] New ticket Incident  - Hardware
2017-11-02 11:11:44 [11@ITHELPDESK]
An email to suhinthan.k@gmail.com was added to queue: [GLPI #0000061] New ticket Incident  - Hardware
2017-11-02 11:11:44 [11@ITHELPDESK]
An email to skathirgamanathan@connexservice.ca was added to queue: [GLPI #0000061] New ticket Incident  - Hardware
2017-11-02 11:11:44 [11@ITHELPDESK]
An email to itsupport@connexservice.ca was added to queue: [GLPI #0000061] New ticket Incident  - Hardware
2017-11-02 11:11:44 [11@ITHELPDESK]
An email to tdinardo@connexservice.ca was added to queue: [GLPI #0000061] New ticket Incident  - Hardware
2017-11-02 11:11:45 [11@ITHELPDESK]
An email to itsupport@connexservice.ca was added to queue: [GLPI #0000061] New ticket Incident  - Hardware
2017-11-02 11:11:45 [11@ITHELPDESK]
An email to tdinardo@connexservice.ca was added to queue: [GLPI #0000061] New ticket Incident  - Hardware
2017-11-02 11:13:00 [11@ITHELPDESK]
An email to suhinthan.k@gmail.com was added to queue: [GLPI] Your request has been saved
2017-11-02 11:13:00 [11@ITHELPDESK]
An email to itsupport@connexservice.ca was added to queue: [GLPI #0000062] New ticket Incident  - Hardware
2017-11-02 11:13:00 [11@ITHELPDESK]
An email to tdinardo@connexservice.ca was added to queue: [GLPI #0000062] New ticket Incident  - Hardware
2017-11-02 11:13:00 [11@ITHELPDESK]
An email to suhinthan.k@gmail.com was added to queue: [GLPI #0000062] New ticket Incident  - Hardware
2017-11-02 11:13:00 [11@ITHELPDESK]
An email to skathirgamanathan@connexservice.ca was added to queue: [GLPI #0000062] New ticket Incident  - Hardware
2017-11-02 11:13:01 [11@ITHELPDESK]
An email to itsupport@connexservice.ca was added to queue: [GLPI #0000062] New ticket Incident  - Hardware
2017-11-02 11:13:01 [11@ITHELPDESK]
An email to tdinardo@connexservice.ca was added to queue: [GLPI #0000062] New ticket Incident  - Hardware
2017-11-02 11:13:01 [11@ITHELPDESK]
An email to itsupport@connexservice.ca was added to queue: [GLPI #0000062] New ticket Incident  - Hardware
2017-11-02 11:13:01 [11@ITHELPDESK]
An email to tdinardo@connexservice.ca was added to queue: [GLPI #0000062] New ticket Incident  - Hardware
2017-11-02 11:13:03 [11@ITHELPDESK]
An email was sent to itsupport@connexservice.ca: [GLPI #0000062] New ticket Incident  - Hardware
2017-11-02 11:15:33 [2@ITHELPDESK]
An email was sent to tdinardo@connexservice.ca: [GLPI #0000050] New ticket Incident  - Hardware
2017-11-02 11:19:28 [11@ITHELPDESK]
An email to suhinthan.k@gmail.com was added to queue: [GLPI] Your request has been saved
2017-11-02 11:19:29 [11@ITHELPDESK]
An email to itsupport@connexservice.ca was added to queue: [GLPI #0000063] New ticket Incident  - Hardware
2017-11-02 11:19:29 [11@ITHELPDESK]
An email to tdinardo@connexservice.ca was added to queue: [GLPI #0000063] New ticket Incident  - Hardware
2017-11-02 11:19:29 [11@ITHELPDESK]
An email to suhinthan.k@gmail.com was added to queue: [GLPI #0000063] New ticket Incident  - Hardware
2017-11-02 11:19:29 [11@ITHELPDESK]
An email to skathirgamanathan@connexservice.ca was added to queue: [GLPI #0000063] New ticket Incident  - Hardware
2017-11-02 11:19:29 [11@ITHELPDESK]
An email to itsupport@connexservice.ca was added to queue: [GLPI #0000063] New ticket Incident  - Hardware
2017-11-02 11:19:29 [11@ITHELPDESK]
An email to tdinardo@connexservice.ca was added to queue: [GLPI #0000063] New ticket Incident  - Hardware
2017-11-02 11:19:29 [11@ITHELPDESK]
An email to itsupport@connexservice.ca was added to queue: [GLPI #0000063] New ticket Incident  - Hardware
2017-11-02 11:19:29 [11@ITHELPDESK]
An email to tdinardo@connexservice.ca was added to queue: [GLPI #0000063] New ticket Incident  - Hardware
2017-11-02 11:19:31 [11@ITHELPDESK]
An email was sent to itsupport@connexservice.ca: [GLPI #0000063] New ticket Incident  - Hardware
2017-11-02 11:20:07 [2@ITHELPDESK]
An email was sent to tdinardo@connexservice.ca: [GLPI #0000063] New ticket Incident  - Hardware
2017-11-02 16:15:17 [@ITHELPDESK]
An email was sent to suhinthan.k@gmail.com: [GLPI] Your request has been saved
2017-11-02 16:15:19 [@ITHELPDESK]
An email was sent to skathirgamanathan@connexservice.ca: [GLPI #0000063] New ticket Incident  - Hardware
2017-11-02 16:15:34 [11@ITHELPDESK]
An email to suhinthan.k@gmail.com was added to queue: [GLPI] Your request has been saved
2017-11-02 16:15:35 [11@ITHELPDESK]
An email to itsupport@connexservice.ca was added to queue: [GLPI #0000064] New ticket Incident  - Hardware
2017-11-02 16:15:35 [11@ITHELPDESK]
An email to tdinardo@connexservice.ca was added to queue: [GLPI #0000064] New ticket Incident  - Hardware
2017-11-02 16:15:35 [11@ITHELPDESK]
An email to suhinthan.k@gmail.com was added to queue: [GLPI #0000064] New ticket Incident  - Hardware
2017-11-02 16:15:35 [11@ITHELPDESK]
An email to skathirgamanathan@connexservice.ca was added to queue: [GLPI #0000064] New ticket Incident  - Hardware
2017-11-02 16:15:35 [11@ITHELPDESK]
An email to itsupport@connexservice.ca was added to queue: [GLPI #0000064] New ticket Incident  - Hardware
2017-11-02 16:15:35 [11@ITHELPDESK]
An email to tdinardo@connexservice.ca was added to queue: [GLPI #0000064] New ticket Incident  - Hardware
2017-11-02 16:15:36 [11@ITHELPDESK]
An email to itsupport@connexservice.ca was added to queue: [GLPI #0000064] New ticket Incident  - Hardware
2017-11-02 16:15:36 [11@ITHELPDESK]
An email to tdinardo@connexservice.ca was added to queue: [GLPI #0000064] New ticket Incident  - Hardware
2017-11-02 16:15:38 [11@ITHELPDESK]
An email was sent to itsupport@connexservice.ca: [GLPI #0000064] New ticket Incident  - Hardware
2017-11-02 16:17:51 [74@ITHELPDESK]
An email to tdinardo@connexservice.ca was added to queue: [GLPI] Your request has been saved
2017-11-02 16:17:52 [74@ITHELPDESK]
An email to itsupport@connexservice.ca was added to queue: [GLPI #0000065] New ticket Incident  - Hardware
2017-11-02 16:17:52 [74@ITHELPDESK]
An email to tdinardo@connexservice.ca was added to queue: [GLPI #0000065] New ticket Incident  - Hardware
2017-11-02 16:17:52 [74@ITHELPDESK]
An email to suhinthan.k@gmail.com was added to queue: [GLPI #0000065] New ticket Incident  - Hardware
2017-11-02 16:17:52 [74@ITHELPDESK]
An email to skathirgamanathan@connexservice.ca was added to queue: [GLPI #0000065] New ticket Incident  - Hardware
2017-11-02 16:17:52 [74@ITHELPDESK]
An email to itsupport@connexservice.ca was added to queue: [GLPI #0000065] New ticket Incident  - Hardware
2017-11-02 16:17:52 [74@ITHELPDESK]
An email to tdinardo@connexservice.ca was added to queue: [GLPI #0000065] New ticket Incident  - Hardware
2017-11-02 16:17:52 [74@ITHELPDESK]
An email to itsupport@connexservice.ca was added to queue: [GLPI #0000065] New ticket Incident  - Hardware
2017-11-02 16:17:52 [74@ITHELPDESK]
An email to tdinardo@connexservice.ca was added to queue: [GLPI #0000065] New ticket Incident  - Hardware
2017-11-02 16:17:54 [74@ITHELPDESK]
An email was sent to itsupport@connexservice.ca: [GLPI #0000065] New ticket Incident  - Hardware
2017-11-02 16:17:56 [74@ITHELPDESK]
An email was sent to tdinardo@connexservice.ca: [GLPI #0000065] New ticket Incident  - Hardware
2017-11-02 16:21:13 [74@ITHELPDESK]
An email to tdinardo@connexservice.ca was added to queue: [GLPI] Your request has been saved
2017-11-02 16:21:14 [74@ITHELPDESK]
An email to itsupport@connexservice.ca was added to queue: [GLPI #0000066] New ticket Incident  - Hardware
2017-11-02 16:21:14 [74@ITHELPDESK]
An email to tdinardo@connexservice.ca was added to queue: [GLPI #0000066] New ticket Incident  - Hardware
2017-11-02 16:21:14 [74@ITHELPDESK]
An email to suhinthan.k@gmail.com was added to queue: [GLPI #0000066] New ticket Incident  - Hardware
2017-11-02 16:21:14 [74@ITHELPDESK]
An email to skathirgamanathan@connexservice.ca was added to queue: [GLPI #0000066] New ticket Incident  - Hardware
2017-11-02 16:21:14 [74@ITHELPDESK]
An email to itsupport@connexservice.ca was added to queue: [GLPI #0000066] New ticket Incident  - Hardware
2017-11-02 16:21:14 [74@ITHELPDESK]
An email to tdinardo@connexservice.ca was added to queue: [GLPI #0000066] New ticket Incident  - Hardware
2017-11-02 16:21:14 [74@ITHELPDESK]
An email to itsupport@connexservice.ca was added to queue: [GLPI #0000066] New ticket Incident  - Hardware
2017-11-02 16:21:14 [74@ITHELPDESK]
An email to tdinardo@connexservice.ca was added to queue: [GLPI #0000066] New ticket Incident  - Hardware
2017-11-02 16:21:16 [74@ITHELPDESK]
An email was sent to itsupport@connexservice.ca: [GLPI #0000066] New ticket Incident  - Hardware
2017-11-02 16:21:18 [74@ITHELPDESK]
An email was sent to tdinardo@connexservice.ca: [GLPI #0000066] New ticket Incident  - Hardware
2017-11-02 16:27:46 [74@ITHELPDESK]
An email to tdinardo@connexservice.ca was added to queue: [GLPI] Your request has been saved
2017-11-02 16:27:47 [74@ITHELPDESK]
An email to itsupport@connexservice.ca was added to queue: [GLPI #0000067] New ticket Incident  - Hardware
2017-11-02 16:27:47 [74@ITHELPDESK]
An email to tdinardo@connexservice.ca was added to queue: [GLPI #0000067] New ticket Incident  - Hardware
2017-11-02 16:27:47 [74@ITHELPDESK]
An email to skathirgamanathan@connexservice.ca was added to queue: [GLPI #0000067] New ticket Incident  - Hardware
2017-11-02 16:27:47 [74@ITHELPDESK]
An email to itsupport@connexservice.ca was added to queue: [GLPI #0000067] New ticket Incident  - Hardware
2017-11-02 16:27:47 [74@ITHELPDESK]
An email to tdinardo@connexservice.ca was added to queue: [GLPI #0000067] New ticket Incident  - Hardware
2017-11-02 16:27:47 [74@ITHELPDESK]
An email to itsupport@connexservice.ca was added to queue: [GLPI #0000067] New ticket Incident  - Hardware
2017-11-02 16:27:47 [74@ITHELPDESK]
An email to tdinardo@connexservice.ca was added to queue: [GLPI #0000067] New ticket Incident  - Hardware
2017-11-02 16:27:49 [74@ITHELPDESK]
An email was sent to itsupport@connexservice.ca: [GLPI #0000067] New ticket Incident  - Hardware
2017-11-02 16:27:52 [74@ITHELPDESK]
An email was sent to tdinardo@connexservice.ca: [GLPI #0000067] New ticket Incident  - Hardware
2017-11-03 11:45:24 [@ITHELPDESK]
An email was sent to suhinthan.k@gmail.com: [GLPI] Your request has been saved
2017-11-03 11:45:28 [@ITHELPDESK]
An email was sent to tdinardo@connexservice.ca: [GLPI #0000064] New ticket Incident  - Hardware
2017-11-03 11:45:30 [@ITHELPDESK]
An email was sent to suhinthan.k@gmail.com: [GLPI #0000064] New ticket Incident  - Hardware
2017-11-03 11:45:32 [@ITHELPDESK]
An email was sent to skathirgamanathan@connexservice.ca: [GLPI #0000064] New ticket Incident  - Hardware
2017-11-03 11:45:33 [@ITHELPDESK]
An email was sent to tdinardo@connexservice.ca: [GLPI] Your request has been saved
2017-11-03 11:45:35 [@ITHELPDESK]
An email was sent to suhinthan.k@gmail.com: [GLPI #0000065] New ticket Incident  - Hardware
2017-11-03 11:45:37 [@ITHELPDESK]
An email was sent to skathirgamanathan@connexservice.ca: [GLPI #0000065] New ticket Incident  - Hardware
2017-11-03 11:45:39 [@ITHELPDESK]
An email was sent to tdinardo@connexservice.ca: [GLPI] Your request has been saved
2017-11-03 11:45:41 [@ITHELPDESK]
An email was sent to suhinthan.k@gmail.com: [GLPI #0000066] New ticket Incident  - Hardware
2017-11-03 11:45:43 [@ITHELPDESK]
An email was sent to skathirgamanathan@connexservice.ca: [GLPI #0000066] New ticket Incident  - Hardware
2017-11-03 11:45:45 [@ITHELPDESK]
An email was sent to tdinardo@connexservice.ca: [GLPI] Your request has been saved
2017-11-03 11:45:47 [@ITHELPDESK]
An email was sent to skathirgamanathan@connexservice.ca: [GLPI #0000067] New ticket Incident  - Hardware
2017-11-03 11:47:07 [2@ITHELPDESK]
An email to skathirgamanathan@connexservice.ca was added to queue: [GLPI] Your request has been saved
2017-11-03 11:47:08 [2@ITHELPDESK]
An email to itsupport@connexservice.ca was added to queue: [GLPI #0000068] New ticket Request  - Software
2017-11-03 11:47:08 [2@ITHELPDESK]
An email to tdinardo@connexservice.ca was added to queue: [GLPI #0000068] New ticket Request  - Software
2017-11-03 11:47:08 [2@ITHELPDESK]
An email to suhinthan.k@gmail.com was added to queue: [GLPI #0000068] New ticket Request  - Software
2017-11-03 11:47:08 [2@ITHELPDESK]
An email to skathirgamanathan@connexservice.ca was added to queue: [GLPI #0000068] New ticket Request  - Software
2017-11-03 11:47:08 [2@ITHELPDESK]
An email to itsupport@connexservice.ca was added to queue: [GLPI #0000068] New ticket Request  - Software
2017-11-03 11:47:08 [2@ITHELPDESK]
An email to tdinardo@connexservice.ca was added to queue: [GLPI #0000068] New ticket Request  - Software
2017-11-03 11:47:09 [2@ITHELPDESK]
An email to itsupport@connexservice.ca was added to queue: [GLPI #0000068] New ticket Request  - Software
2017-11-03 11:47:09 [2@ITHELPDESK]
An email to tdinardo@connexservice.ca was added to queue: [GLPI #0000068] New ticket Request  - Software
2017-11-03 11:47:11 [2@ITHELPDESK]
An email was sent to itsupport@connexservice.ca: [GLPI #0000068] New ticket Request  - Software
2017-11-03 11:47:13 [2@ITHELPDESK]
An email was sent to tdinardo@connexservice.ca: [GLPI #0000068] New ticket Request  - Software
2017-11-03 12:32:59 [2@ITHELPDESK]
An email to itsupport@connexservice.ca was added to queue: [GLPI] Receiver errors
2017-11-03 13:19:10 [2@ITHELPDESK]
An email to itsupport@connexservice.ca was added to queue: [GLPI #0000034] Deletion of a ticket Incident  - Software
2017-11-03 13:19:13 [2@ITHELPDESK]
An email was sent to itsupport@connexservice.ca: [GLPI #0000034] Deletion of a ticket Incident  - Software
2017-11-03 13:19:13 [2@ITHELPDESK]
An email to itsupport@connexservice.ca was added to queue: [GLPI #0000035] Deletion of a ticket Incident  - Software
2017-11-03 13:19:15 [2@ITHELPDESK]
An email was sent to itsupport@connexservice.ca: [GLPI #0000035] Deletion of a ticket Incident  - Software
2017-11-03 13:19:15 [2@ITHELPDESK]
An email to itsupport@connexservice.ca was added to queue: [GLPI #0000036] Deletion of a ticket Incident  - Hardware
2017-11-03 13:19:17 [2@ITHELPDESK]
An email was sent to itsupport@connexservice.ca: [GLPI #0000036] Deletion of a ticket Incident  - Hardware
2017-11-03 13:19:17 [2@ITHELPDESK]
An email to itsupport@connexservice.ca was added to queue: [GLPI #0000037] Deletion of a ticket Incident  - Hardware
2017-11-03 13:19:19 [2@ITHELPDESK]
An email was sent to itsupport@connexservice.ca: [GLPI #0000037] Deletion of a ticket Incident  - Hardware
2017-11-03 13:19:19 [2@ITHELPDESK]
An email to itsupport@connexservice.ca was added to queue: [GLPI #0000038] Deletion of a ticket Incident  - Hardware
2017-11-03 13:19:21 [2@ITHELPDESK]
An email was sent to itsupport@connexservice.ca: [GLPI #0000038] Deletion of a ticket Incident  - Hardware
2017-11-03 13:19:21 [2@ITHELPDESK]
An email to itsupport@connexservice.ca was added to queue: [GLPI #0000039] Deletion of a ticket Incident  - Hardware
2017-11-03 13:19:23 [2@ITHELPDESK]
An email was sent to itsupport@connexservice.ca: [GLPI #0000039] Deletion of a ticket Incident  - Hardware
2017-11-03 13:19:23 [2@ITHELPDESK]
An email to itsupport@connexservice.ca was added to queue: [GLPI #0000040] Deletion of a ticket Incident  - Hardware
2017-11-03 13:19:25 [2@ITHELPDESK]
An email was sent to itsupport@connexservice.ca: [GLPI #0000040] Deletion of a ticket Incident  - Hardware
2017-11-03 13:19:25 [2@ITHELPDESK]
An email to itsupport@connexservice.ca was added to queue: [GLPI #0000041] Deletion of a ticket Incident  - Hardware
2017-11-03 13:19:27 [2@ITHELPDESK]
An email was sent to itsupport@connexservice.ca: [GLPI #0000041] Deletion of a ticket Incident  - Hardware
2017-11-03 13:19:27 [2@ITHELPDESK]
An email to itsupport@connexservice.ca was added to queue: [GLPI #0000042] Deletion of a ticket Incident  - Hardware
2017-11-03 13:19:29 [2@ITHELPDESK]
An email was sent to itsupport@connexservice.ca: [GLPI #0000042] Deletion of a ticket Incident  - Hardware
2017-11-03 13:19:30 [2@ITHELPDESK]
An email to itsupport@connexservice.ca was added to queue: [GLPI #0000043] Deletion of a ticket Incident  - Hardware
2017-11-03 13:19:31 [2@ITHELPDESK]
An email was sent to itsupport@connexservice.ca: [GLPI #0000043] Deletion of a ticket Incident  - Hardware
2017-11-03 13:19:31 [2@ITHELPDESK]
An email to itsupport@connexservice.ca was added to queue: [GLPI #0000044] Deletion of a ticket Incident  - Hardware
2017-11-03 13:19:33 [2@ITHELPDESK]
An email was sent to itsupport@connexservice.ca: [GLPI #0000044] Deletion of a ticket Incident  - Hardware
2017-11-03 13:19:33 [2@ITHELPDESK]
An email to itsupport@connexservice.ca was added to queue: [GLPI #0000045] Deletion of a ticket Incident  - Hardware
2017-11-03 13:19:35 [2@ITHELPDESK]
An email was sent to itsupport@connexservice.ca: [GLPI #0000045] Deletion of a ticket Incident  - Hardware
2017-11-03 13:19:35 [2@ITHELPDESK]
An email to itsupport@connexservice.ca was added to queue: [GLPI #0000046] Deletion of a ticket Incident  - Hardware
2017-11-03 13:19:37 [2@ITHELPDESK]
An email was sent to itsupport@connexservice.ca: [GLPI #0000046] Deletion of a ticket Incident  - Hardware
2017-11-03 13:19:37 [2@ITHELPDESK]
An email to itsupport@connexservice.ca was added to queue: [GLPI #0000047] Deletion of a ticket Incident  - Hardware
2017-11-03 13:19:39 [2@ITHELPDESK]
An email was sent to itsupport@connexservice.ca: [GLPI #0000047] Deletion of a ticket Incident  - Hardware
2017-11-03 13:19:39 [2@ITHELPDESK]
An email to itsupport@connexservice.ca was added to queue: [GLPI #0000048] Deletion of a ticket Incident  - Hardware
2017-11-03 13:19:41 [2@ITHELPDESK]
An email was sent to itsupport@connexservice.ca: [GLPI #0000048] Deletion of a ticket Incident  - Hardware
2017-11-03 13:19:41 [2@ITHELPDESK]
An email to itsupport@connexservice.ca was added to queue: [GLPI #0000049] Deletion of a ticket Incident  - Hardware
2017-11-03 13:19:43 [2@ITHELPDESK]
An email was sent to itsupport@connexservice.ca: [GLPI #0000049] Deletion of a ticket Incident  - Hardware
2017-11-03 13:19:43 [2@ITHELPDESK]
An email to itsupport@connexservice.ca was added to queue: [GLPI #0000050] Deletion of a ticket Incident  - Hardware
2017-11-03 13:19:45 [2@ITHELPDESK]
An email was sent to itsupport@connexservice.ca: [GLPI #0000050] Deletion of a ticket Incident  - Hardware
2017-11-03 13:19:46 [2@ITHELPDESK]
An email to itsupport@connexservice.ca was added to queue: [GLPI #0000051] Deletion of a ticket Incident  - Hardware
2017-11-03 13:19:47 [2@ITHELPDESK]
An email was sent to itsupport@connexservice.ca: [GLPI #0000051] Deletion of a ticket Incident  - Hardware
2017-11-03 13:19:48 [2@ITHELPDESK]
An email to itsupport@connexservice.ca was added to queue: [GLPI #0000052] Deletion of a ticket Incident  - Hardware
2017-11-03 13:19:49 [2@ITHELPDESK]
An email was sent to itsupport@connexservice.ca: [GLPI #0000052] Deletion of a ticket Incident  - Hardware
2017-11-03 13:19:50 [2@ITHELPDESK]
An email to itsupport@connexservice.ca was added to queue: [GLPI #0000053] Deletion of a ticket Request  - Hardware
2017-11-03 13:19:51 [2@ITHELPDESK]
An email was sent to itsupport@connexservice.ca: [GLPI #0000053] Deletion of a ticket Request  - Hardware
2017-11-03 13:19:52 [2@ITHELPDESK]
An email to itsupport@connexservice.ca was added to queue: [GLPI #0000054] Deletion of a ticket Incident  - Hardware
2017-11-03 13:19:54 [2@ITHELPDESK]
An email was sent to itsupport@connexservice.ca: [GLPI #0000054] Deletion of a ticket Incident  - Hardware
2017-11-03 13:19:54 [2@ITHELPDESK]
An email to itsupport@connexservice.ca was added to queue: [GLPI #0000055] Deletion of a ticket Request  - Software
2017-11-03 13:19:56 [2@ITHELPDESK]
An email was sent to itsupport@connexservice.ca: [GLPI #0000055] Deletion of a ticket Request  - Software
2017-11-03 13:19:56 [2@ITHELPDESK]
An email to itsupport@connexservice.ca was added to queue: [GLPI #0000056] Deletion of a ticket Request  - Software
2017-11-03 13:19:58 [2@ITHELPDESK]
An email was sent to itsupport@connexservice.ca: [GLPI #0000056] Deletion of a ticket Request  - Software
2017-11-03 13:19:58 [2@ITHELPDESK]
An email to itsupport@connexservice.ca was added to queue: [GLPI #0000057] Deletion of a ticket Incident  - Hardware
2017-11-03 13:20:00 [2@ITHELPDESK]
An email was sent to itsupport@connexservice.ca: [GLPI #0000057] Deletion of a ticket Incident  - Hardware
2017-11-03 13:20:01 [2@ITHELPDESK]
An email to itsupport@connexservice.ca was added to queue: [GLPI #0000058] Deletion of a ticket Incident  - Hardware
2017-11-03 13:20:03 [2@ITHELPDESK]
An email was sent to itsupport@connexservice.ca: [GLPI #0000058] Deletion of a ticket Incident  - Hardware
2017-11-03 13:20:03 [2@ITHELPDESK]
An email to itsupport@connexservice.ca was added to queue: [GLPI #0000059] Deletion of a ticket Incident  - Hardware
2017-11-03 13:20:05 [2@ITHELPDESK]
An email was sent to itsupport@connexservice.ca: [GLPI #0000059] Deletion of a ticket Incident  - Hardware
2017-11-03 13:20:05 [2@ITHELPDESK]
An email to itsupport@connexservice.ca was added to queue: [GLPI #0000060] Deletion of a ticket Incident  - Hardware
2017-11-03 13:20:07 [2@ITHELPDESK]
An email was sent to itsupport@connexservice.ca: [GLPI #0000060] Deletion of a ticket Incident  - Hardware
2017-11-03 13:20:07 [2@ITHELPDESK]
An email to itsupport@connexservice.ca was added to queue: [GLPI #0000061] Deletion of a ticket Incident  - Hardware
2017-11-03 13:20:09 [2@ITHELPDESK]
An email was sent to itsupport@connexservice.ca: [GLPI #0000061] Deletion of a ticket Incident  - Hardware
2017-11-03 13:20:09 [2@ITHELPDESK]
An email to itsupport@connexservice.ca was added to queue: [GLPI #0000062] Deletion of a ticket Incident  - Hardware
2017-11-03 13:20:11 [2@ITHELPDESK]
An email was sent to itsupport@connexservice.ca: [GLPI #0000062] Deletion of a ticket Incident  - Hardware
2017-11-03 13:20:11 [2@ITHELPDESK]
An email to itsupport@connexservice.ca was added to queue: [GLPI #0000063] Deletion of a ticket Incident  - Hardware
2017-11-03 13:20:13 [2@ITHELPDESK]
An email was sent to itsupport@connexservice.ca: [GLPI #0000063] Deletion of a ticket Incident  - Hardware
2017-11-03 13:20:13 [2@ITHELPDESK]
An email to itsupport@connexservice.ca was added to queue: [GLPI #0000064] Deletion of a ticket Incident  - Hardware
2017-11-03 13:20:15 [2@ITHELPDESK]
An email was sent to itsupport@connexservice.ca: [GLPI #0000064] Deletion of a ticket Incident  - Hardware
2017-11-03 13:20:15 [2@ITHELPDESK]
An email to itsupport@connexservice.ca was added to queue: [GLPI #0000065] Deletion of a ticket Incident  - Hardware
2017-11-03 13:20:17 [2@ITHELPDESK]
An email was sent to itsupport@connexservice.ca: [GLPI #0000065] Deletion of a ticket Incident  - Hardware
2017-11-03 13:20:17 [2@ITHELPDESK]
An email to itsupport@connexservice.ca was added to queue: [GLPI #0000066] Deletion of a ticket Incident  - Hardware
2017-11-03 13:20:19 [2@ITHELPDESK]
An email was sent to itsupport@connexservice.ca: [GLPI #0000066] Deletion of a ticket Incident  - Hardware
2017-11-03 13:20:19 [2@ITHELPDESK]
An email to itsupport@connexservice.ca was added to queue: [GLPI #0000067] Deletion of a ticket Incident  - Hardware
2017-11-03 13:20:21 [2@ITHELPDESK]
An email was sent to itsupport@connexservice.ca: [GLPI #0000067] Deletion of a ticket Incident  - Hardware
2017-11-03 13:20:21 [2@ITHELPDESK]
An email to itsupport@connexservice.ca was added to queue: [GLPI #0000068] Deletion of a ticket Request  - Software
2017-11-03 13:20:23 [2@ITHELPDESK]
An email was sent to suhinthan.k@gmail.com: [GLPI #0000068] New ticket Request  - Software
2017-11-03 14:08:31 [11@ITHELPDESK]
An email to suhinthan.k@gmail.com was added to queue: [GLPI] Your request has been saved
2017-11-03 14:08:31 [11@ITHELPDESK]
An email to itsupport@connexservice.ca was added to queue: [GLPI #0000069] New ticket Incident  - Software
2017-11-03 14:08:31 [11@ITHELPDESK]
An email to tdinardo@connexservice.ca was added to queue: [GLPI #0000069] New ticket Incident  - Software
2017-11-03 14:08:31 [11@ITHELPDESK]
An email to skathirgamanathan@connexservice.ca was added to queue: [GLPI #0000069] New ticket Incident  - Software
2017-11-03 14:08:32 [11@ITHELPDESK]
An email to itsupport@connexservice.ca was added to queue: [GLPI #0000069] New ticket Incident  - Software
2017-11-03 14:08:32 [11@ITHELPDESK]
An email to tdinardo@connexservice.ca was added to queue: [GLPI #0000069] New ticket Incident  - Software
2017-11-03 14:08:32 [11@ITHELPDESK]
An email to itsupport@connexservice.ca was added to queue: [GLPI #0000069] New ticket Incident  - Software
2017-11-03 14:08:32 [11@ITHELPDESK]
An email to tdinardo@connexservice.ca was added to queue: [GLPI #0000069] New ticket Incident  - Software
2017-11-03 14:08:35 [11@ITHELPDESK]
An email was sent to itsupport@connexservice.ca: [GLPI #0000069] New ticket Incident  - Software
2017-11-03 14:58:26 [8@ITHELPDESK]
An email was sent to tdinardo@connexservice.ca: [GLPI #0000069] New ticket Incident  - Software
2017-11-03 14:58:28 [8@ITHELPDESK]
An email was sent to skathirgamanathan@connexservice.ca: [GLPI #0000069] New ticket Incident  - Software
2017-11-03 14:58:28 [8@ITHELPDESK]
An email to itsupport@connexservice.ca was added to queue: [GLPI #0000069] New user in assignees Incident  - Software
2017-11-03 14:58:37 [8@ITHELPDESK]
An email was sent to itsupport@connexservice.ca: [GLPI #0000069] New user in assignees Incident  - Software
2017-11-03 16:22:40 [8@ITHELPDESK]
An email was sent to skathirgamanathan@connexservice.ca: [GLPI] Your request has been saved
2017-11-03 16:22:42 [8@ITHELPDESK]
An email was sent to skathirgamanathan@connexservice.ca: [GLPI #0000068] New ticket Request  - Software
2017-11-03 16:22:44 [8@ITHELPDESK]
An email was sent to itsupport@connexservice.ca: [GLPI] Receiver errors
2017-11-03 16:22:45 [8@ITHELPDESK]
An email was sent to itsupport@connexservice.ca: [GLPI #0000068] Deletion of a ticket Request  - Software
2017-11-03 16:22:47 [8@ITHELPDESK]
An email was sent to suhinthan.k@gmail.com: [GLPI] Your request has been saved
2017-11-06 11:37:41 [2@ITHELPDESK]
An email to itsupport@connexservice.ca was added to queue: [GLPI] Receiver errors
2017-11-06 12:23:58 [11@ITHELPDESK]
An email to suhinthan.k@gmail.com was added to queue: [GLPI] Your request has been saved
2017-11-06 12:23:59 [11@ITHELPDESK]
An email to itsupport@connexservice.ca was added to queue: [GLPI #0000070] New ticket Incident  - Hardware
2017-11-06 12:23:59 [11@ITHELPDESK]
An email to tdinardo@connexservice.ca was added to queue: [GLPI #0000070] New ticket Incident  - Hardware
2017-11-06 12:23:59 [11@ITHELPDESK]
An email to skathirgamanathan@connexservice.ca was added to queue: [GLPI #0000070] New ticket Incident  - Hardware
2017-11-06 12:23:59 [11@ITHELPDESK]
An email to itsupport@connexservice.ca was added to queue: [GLPI #0000070] New ticket Incident  - Hardware
2017-11-06 12:23:59 [11@ITHELPDESK]
An email to tdinardo@connexservice.ca was added to queue: [GLPI #0000070] New ticket Incident  - Hardware
2017-11-06 12:24:00 [11@ITHELPDESK]
An email to itsupport@connexservice.ca was added to queue: [GLPI #0000070] New ticket Incident  - Hardware
2017-11-06 12:24:00 [11@ITHELPDESK]
An email to tdinardo@connexservice.ca was added to queue: [GLPI #0000070] New ticket Incident  - Hardware
2018-01-12 12:18:10 [@ITHELPDESK]
An email to itsupport@connexservice.ca was added to queue: [GLPI] Receiver errors
2018-01-16 12:45:06 [@ITHELPDESK]
An email to itsupport@connexservice.ca was added to queue: [GLPI] Receiver errors
2018-01-16 15:40:53 [105@ITHELPDESK]
An email to itsupport@connexservice.ca was added to queue: [GLPI #0000071] New ticket Incident  - Hardware
2018-01-16 15:40:53 [105@ITHELPDESK]
An email to tdinardo@connexservice.ca was added to queue: [GLPI #0000071] New ticket Incident  - Hardware
2018-01-16 15:40:53 [105@ITHELPDESK]
An email to suhinthan.k@gmail.com was added to queue: [GLPI #0000071] New ticket Incident  - Hardware
2018-01-16 15:40:53 [105@ITHELPDESK]
An email to skathirgamanathan@connexservice.ca was added to queue: [GLPI #0000071] New ticket Incident  - Hardware
2018-01-16 15:40:53 [105@ITHELPDESK]
An email to itsupport@connexservice.ca was added to queue: [GLPI #0000071] New ticket Incident  - Hardware
2018-01-16 15:40:53 [105@ITHELPDESK]
An email to tdinardo@connexservice.ca was added to queue: [GLPI #0000071] New ticket Incident  - Hardware
2018-01-16 15:40:53 [105@ITHELPDESK]
An email to suhinthan.k@gmail.com was added to queue: [GLPI #0000071] New ticket Incident  - Hardware
2018-01-16 15:40:54 [105@ITHELPDESK]
An email to itsupport@connexservice.ca was added to queue: [GLPI #0000071] New ticket Incident  - Hardware
2018-01-16 15:40:54 [105@ITHELPDESK]
An email to tdinardo@connexservice.ca was added to queue: [GLPI #0000071] New ticket Incident  - Hardware
2018-01-16 15:40:54 [105@ITHELPDESK]
An email to suhinthan.k@gmail.com was added to queue: [GLPI #0000071] New ticket Incident  - Hardware
2018-01-23 12:21:39 [@ITHELPDESK]
An email to itsupport@connexservice.ca was added to queue: [GLPI] Receiver errors
2018-01-25 10:12:36 [104@ITHELPDESK]
An email to itsupport@connexservice.ca was added to queue: [GLPI] Receiver errors
2018-01-25 10:19:56 [@ITHELPDESK]
An email to itsupport@connexservice.ca was added to queue: [GLPI] Monitoring of automatic actions
2018-01-26 10:40:25 [2@ITHELPDESK]
An email to itsupport@connexservice.ca was added to queue: [GLPI] Receiver errors
2018-01-26 11:27:42 [2@ITHELPDESK]
An email to itsupport@connexservice.ca was added to queue: [GLPI] Monitoring of automatic actions
2018-01-29 15:12:29 [@ITHELPDESK]
An email to itsupport@connexservice.ca was added to queue: [GLPI] Receiver errors
2018-01-29 15:44:07 [@ITHELPDESK]
An email to itsupport@connexservice.ca was added to queue: [GLPI] Monitoring of automatic actions
2018-01-31 10:12:21 [@ITHELPDESK]
An email to itsupport@connexservice.ca was added to queue: [GLPI] Receiver errors
2018-01-31 11:10:35 [@ITHELPDESK]
An email to itsupport@connexservice.ca was added to queue: [GLPI] Monitoring of automatic actions
2018-02-01 11:27:48 [8@ITHELPDESK]
An email to itsupport@connexservice.ca was added to queue: [GLPI] Receiver errors
2018-02-01 12:28:38 [@ITHELPDESK]
An email to itsupport@connexservice.ca was added to queue: [GLPI] Monitoring of automatic actions
2018-02-02 12:07:09 [107@ITHELPDESK]
An email to itsupport@connexservice.ca was added to queue: [GLPI] Receiver errors
2018-02-02 15:37:04 [107@ITHELPDESK]
An email to itsupport@connexservice.ca was added to queue: [GLPI] Monitoring of automatic actions
2018-02-05 10:37:59 [107@ITHELPDESK]
An email to itsupport@connexservice.ca was added to queue: [GLPI] Receiver errors
2018-02-05 10:51:12 [107@ITHELPDESK]
An email to itsupport@connexservice.ca was added to queue: [GLPI] Monitoring of automatic actions
2018-02-06 11:03:58 [107@ITHELPDESK]
An email to itsupport@connexservice.ca was added to queue: [GLPI] Receiver errors
2018-02-06 11:13:14 [@ITHELPDESK]
An email to itsupport@connexservice.ca was added to queue: [GLPI] Monitoring of automatic actions
2018-02-07 11:45:44 [107@ITHELPDESK]
An email to itsupport@connexservice.ca was added to queue: [GLPI] Receiver errors
2018-02-07 12:10:31 [@ITHELPDESK]
An email to itsupport@connexservice.ca was added to queue: [GLPI] Monitoring of automatic actions
2018-02-07 12:27:42 [107@ITHELPDESK]
An email to itsupport@connexservice.ca was added to queue: [GLPI #0000072] New ticket Incident  - Hardware
2018-02-07 12:27:42 [107@ITHELPDESK]
An email to tdinardo@connexservice.ca was added to queue: [GLPI #0000072] New ticket Incident  - Hardware
2018-02-07 12:27:42 [107@ITHELPDESK]
An email to suhinthan.k@gmail.com was added to queue: [GLPI #0000072] New ticket Incident  - Hardware
2018-02-07 12:27:42 [107@ITHELPDESK]
An email to skathirgamanathan@connexservice.ca was added to queue: [GLPI #0000072] New ticket Incident  - Hardware
2018-02-07 12:27:42 [107@ITHELPDESK]
An email to itsupport@connexservice.ca was added to queue: [GLPI #0000072] New ticket Incident  - Hardware
2018-02-07 12:27:42 [107@ITHELPDESK]
An email to tdinardo@connexservice.ca was added to queue: [GLPI #0000072] New ticket Incident  - Hardware
2018-02-07 12:27:42 [107@ITHELPDESK]
An email to suhinthan.k@gmail.com was added to queue: [GLPI #0000072] New ticket Incident  - Hardware
2018-02-07 12:27:43 [107@ITHELPDESK]
An email to itsupport@connexservice.ca was added to queue: [GLPI #0000072] New ticket Incident  - Hardware
2018-02-07 12:27:43 [107@ITHELPDESK]
An email to tdinardo@connexservice.ca was added to queue: [GLPI #0000072] New ticket Incident  - Hardware
2018-02-07 12:27:43 [107@ITHELPDESK]
An email to suhinthan.k@gmail.com was added to queue: [GLPI #0000072] New ticket Incident  - Hardware
2018-02-07 12:30:31 [2@ITHELPDESK]
An email to itsupport@connexservice.ca was added to queue: [GLPI #0000072] New followup Incident  - Hardware
2018-02-07 12:33:24 [107@ITHELPDESK]
An email to itsupport@connexservice.ca was added to queue: [GLPI #0000072] New followup Incident  - Hardware
2018-02-07 13:05:08 [107@ITHELPDESK]
An email to itsupport@connexservice.ca was added to queue: [GLPI #0000072] New followup Incident  - Hardware
2018-02-07 13:07:24 [2@ITHELPDESK]
An email to itsupport@connexservice.ca was added to queue: [GLPI #0000072] New followup Incident  - Hardware
2018-02-07 13:08:34 [107@ITHELPDESK]
An email to itsupport@connexservice.ca was added to queue: [GLPI #0000072] New followup Incident  - Hardware
2018-03-20 12:04:16 [74@ITHELPDESK]
An email to hvo@connexservice.ca was added to queue: [GLPI] Receiver errors
2018-03-20 13:58:41 [74@ITHELPDESK]
An email to hvo@connexservice.ca was added to queue: [GLPI] Monitoring of automatic actions
2018-03-20 13:58:45 [74@ITHELPDESK]
An email was sent to itsupport@connexservice.ca: [GLPI] Monitoring of automatic actions
2018-03-21 11:17:59 [74@ITHELPDESK]
An email to tdinardo@connexservice.ca was added to queue: [GLPI] Your request has been saved
2018-03-21 11:17:59 [74@ITHELPDESK]
An email to hvo@connexservice.ca was added to queue: [GLPI] Your request has been saved
2018-03-21 11:18:00 [74@ITHELPDESK]
An email to tdinardo@connexservice.ca was added to queue: [GLPI #0000272] New user in requesters Henry Vo - New Hire Form
2018-03-21 11:18:00 [74@ITHELPDESK]
An email to itsupport@connexservice.ca was added to queue: [GLPI #0000272] New ticket Henry Vo - New Hire Form
2018-03-21 11:18:00 [74@ITHELPDESK]
An email to hvo@connexservice.ca was added to queue: [GLPI #0000272] New ticket Henry Vo - New Hire Form
2018-03-21 11:18:00 [74@ITHELPDESK]
An email to suhinthan.k@gmail.com was added to queue: [GLPI #0000272] New ticket Henry Vo - New Hire Form
2018-03-21 11:18:00 [74@ITHELPDESK]
An email to tdinardo@connexservice.ca was added to queue: [GLPI #0000272] New ticket Henry Vo - New Hire Form
2018-03-21 11:18:01 [74@ITHELPDESK]
An email to skathirgamanathan@connexservice.ca was added to queue: [GLPI #0000272] New ticket Henry Vo - New Hire Form
2018-03-21 11:18:01 [74@ITHELPDESK]
An email to tdinardo@connexservice.ca was added to queue: [GLPI #0000272] New ticket Henry Vo - New Hire Form
2018-03-21 11:18:01 [74@ITHELPDESK]
An email to itsupport@connexservice.ca was added to queue: [GLPI #0000272] New ticket Henry Vo - New Hire Form
2018-03-21 11:18:01 [74@ITHELPDESK]
An email to hvo@connexservice.ca was added to queue: [GLPI #0000272] New ticket Henry Vo - New Hire Form
2018-03-21 11:18:01 [74@ITHELPDESK]
An email to suhinthan.k@gmail.com was added to queue: [GLPI #0000272] New ticket Henry Vo - New Hire Form
2018-03-21 11:18:01 [74@ITHELPDESK]
An email to tdinardo@connexservice.ca was added to queue: [GLPI #0000272] New ticket Henry Vo - New Hire Form
2018-03-21 11:18:01 [74@ITHELPDESK]
An email to itsupport@connexservice.ca was added to queue: [GLPI #0000272] New ticket Henry Vo - New Hire Form
2018-03-21 11:18:01 [74@ITHELPDESK]
An email to hvo@connexservice.ca was added to queue: [GLPI #0000272] New ticket Henry Vo - New Hire Form
2018-03-21 11:18:01 [74@ITHELPDESK]
An email to suhinthan.k@gmail.com was added to queue: [GLPI #0000272] New ticket Henry Vo - New Hire Form
2018-03-21 11:18:06 [74@ITHELPDESK]
An email was sent to tdinardo@connexservice.ca: [GLPI #0000272] New ticket Henry Vo - New Hire Form
2018-03-21 11:32:17 [74@ITHELPDESK]
An email to tdinardo@connexservice.ca was added to queue: [GLPI] Your request has been saved
2018-03-21 11:32:17 [74@ITHELPDESK]
An email to hvo@connexservice.ca was added to queue: [GLPI] Your request has been saved
2018-03-21 11:32:18 [74@ITHELPDESK]
An email to tdinardo@connexservice.ca was added to queue: [GLPI #0000273] New user in requesters Test Name - New Hire Form
2018-03-21 11:32:18 [74@ITHELPDESK]
An email to itsupport@connexservice.ca was added to queue: [GLPI #0000273] New ticket Test Name - New Hire Form
2018-03-21 11:32:18 [74@ITHELPDESK]
An email to hvo@connexservice.ca was added to queue: [GLPI #0000273] New ticket Test Name - New Hire Form
2018-03-21 11:32:18 [74@ITHELPDESK]
An email to suhinthan.k@gmail.com was added to queue: [GLPI #0000273] New ticket Test Name - New Hire Form
2018-03-21 11:32:18 [74@ITHELPDESK]
An email to tdinardo@connexservice.ca was added to queue: [GLPI #0000273] New ticket Test Name - New Hire Form
2018-03-21 11:32:18 [74@ITHELPDESK]
An email to skathirgamanathan@connexservice.ca was added to queue: [GLPI #0000273] New ticket Test Name - New Hire Form
2018-03-21 11:32:18 [74@ITHELPDESK]
An email to tdinardo@connexservice.ca was added to queue: [GLPI #0000273] New ticket Test Name - New Hire Form
2018-03-21 11:32:19 [74@ITHELPDESK]
An email to itsupport@connexservice.ca was added to queue: [GLPI #0000273] New ticket Test Name - New Hire Form
2018-03-21 11:32:19 [74@ITHELPDESK]
An email to hvo@connexservice.ca was added to queue: [GLPI #0000273] New ticket Test Name - New Hire Form
2018-03-21 11:32:19 [74@ITHELPDESK]
An email to suhinthan.k@gmail.com was added to queue: [GLPI #0000273] New ticket Test Name - New Hire Form
2018-03-21 11:32:19 [74@ITHELPDESK]
An email to tdinardo@connexservice.ca was added to queue: [GLPI #0000273] New ticket Test Name - New Hire Form
2018-03-21 11:32:19 [74@ITHELPDESK]
An email to itsupport@connexservice.ca was added to queue: [GLPI #0000273] New ticket Test Name - New Hire Form
2018-03-21 11:32:19 [74@ITHELPDESK]
An email to hvo@connexservice.ca was added to queue: [GLPI #0000273] New ticket Test Name - New Hire Form
2018-03-21 11:32:19 [74@ITHELPDESK]
An email to suhinthan.k@gmail.com was added to queue: [GLPI #0000273] New ticket Test Name - New Hire Form
2018-03-21 11:32:21 [74@ITHELPDESK]
An email was sent to tdinardo@connexservice.ca: [GLPI #0000273] New ticket Test Name - New Hire Form
