2018-02-08 11:14:55 [2@ITHELPDESK]
0 seconds for "create database schema" @ 2018-02-08 11:14:55 [2@ITHELPDESK]
0 seconds for "Upgrade to schema version 2.6" @ 2018-02-08 11:14:55 [2@ITHELPDESK]
0 seconds for "Upgrade glpi_plugin_formcreator_forms_answers" @ 2018-02-08 11:14:55 [2@ITHELPDESK]
0 seconds for "Upgrade glpi_plugin_formcreator_questions" @ 2018-02-08 11:14:55 [2@ITHELPDESK]
0 seconds for "Upgrade glpi_plugin_formcreator_forms_answers" @ 2018-02-08 11:14:56 [2@ITHELPDESK]
1 second for "Change of the database layout - glpi_plugin_formcreator_targettickets" @ 2018-02-08 11:14:56 [2@ITHELPDESK]
0 seconds for "Change of the database layout - glpi_plugin_formcreator_targetchanges" @ 2018-02-08 11:14:56 [2@ITHELPDESK]
0 seconds for "Task completed." @ 2018-02-08 11:14:56 [2@ITHELPDESK]
0 seconds for "Task completed." @ 2018-02-08 11:14:56 [2@ITHELPDESK]
0 seconds for "Configure existing entities" @ 2018-02-08 11:14:56 [2@ITHELPDESK]
0 seconds for "create request type" @ 2018-02-08 11:15:25 [2@ITHELPDESK]
0 seconds for "create database schema" @ 2018-02-08 11:15:25 [2@ITHELPDESK]
0 seconds for "Upgrade to schema version 2.6" @ 2018-02-08 11:15:25 [2@ITHELPDESK]
0 seconds for "Upgrade glpi_plugin_formcreator_forms_answers" @ 2018-02-08 11:15:25 [2@ITHELPDESK]
0 seconds for "Upgrade glpi_plugin_formcreator_questions" @ 2018-02-08 11:15:25 [2@ITHELPDESK]
0 seconds for "Upgrade glpi_plugin_formcreator_forms_answers" @ 2018-02-08 11:15:25 [2@ITHELPDESK]
0 seconds for "Task completed." @ 2018-02-08 11:15:25 [2@ITHELPDESK]
0 seconds for "Task completed." @ 2018-02-08 11:15:25 [2@ITHELPDESK]
0 seconds for "Configure existing entities" @ 2018-02-08 11:15:25 [2@ITHELPDESK]
0 seconds for "create request type" @ 2018-02-08 11:15:31 [2@ITHELPDESK]
0 seconds for "create database schema" @ 2018-02-08 11:15:31 [2@ITHELPDESK]
0 seconds for "Upgrade to schema version 2.6" @ 2018-02-08 11:15:31 [2@ITHELPDESK]
0 seconds for "Upgrade glpi_plugin_formcreator_forms_answers" @ 2018-02-08 11:15:31 [2@ITHELPDESK]
0 seconds for "Upgrade glpi_plugin_formcreator_questions" @ 2018-02-08 11:15:31 [2@ITHELPDESK]
0 seconds for "Upgrade glpi_plugin_formcreator_forms_answers" @ 2018-02-08 11:15:31 [2@ITHELPDESK]
0 seconds for "Task completed." @ 2018-02-08 11:15:31 [2@ITHELPDESK]
0 seconds for "Task completed." @ 2018-02-08 11:15:31 [2@ITHELPDESK]
0 seconds for "Configure existing entities" @ 2018-02-08 11:15:31 [2@ITHELPDESK]
0 seconds for "create request type" @ 