2017-10-17 10:34:28 [2@ITHELPDESK]
0 seconds for "create database schema" @ 2017-10-17 10:34:28 [2@ITHELPDESK]
0 seconds for "Upgrade to schema version 2.5" @ 2017-10-17 10:34:28 [2@ITHELPDESK]
0 seconds for "Upgrade glpi_plugin_formcreator_answers" @ 2017-10-17 10:34:44 [2@ITHELPDESK]
0 seconds for "create database schema" @ 2017-10-17 10:34:44 [2@ITHELPDESK]
0 seconds for "Upgrade to schema version 2.5" @ 2017-10-17 10:34:44 [2@ITHELPDESK]
0 seconds for "Upgrade glpi_plugin_formcreator_answers" @ 2017-10-17 10:35:12 [2@ITHELPDESK]
0 seconds for "create database schema" @ 2017-10-17 10:35:12 [2@ITHELPDESK]
0 seconds for "Upgrade to schema version 2.5" @ 2017-10-17 10:35:12 [2@ITHELPDESK]
0 seconds for "Upgrade glpi_plugin_formcreator_answers" @ 2017-10-17 10:41:55 [2@ITHELPDESK]
0 seconds for "create database schema" @ 2017-10-17 10:41:55 [2@ITHELPDESK]
0 seconds for "Upgrade to schema version 2.5" @ 2017-10-17 10:41:55 [2@ITHELPDESK]
0 seconds for "Upgrade glpi_plugin_formcreator_answers" @ 2017-10-17 10:42:51 [2@ITHELPDESK]
0 seconds for "create database schema" @ 2017-10-17 10:42:51 [2@ITHELPDESK]
0 seconds for "Upgrade to schema version 2.5" @ 2017-10-17 10:42:51 [2@ITHELPDESK]
0 seconds for "Upgrade glpi_plugin_formcreator_answers" @ 2017-10-17 10:46:10 [2@ITHELPDESK]
1 second for "create database schema" @ 2017-10-17 10:46:10 [2@ITHELPDESK]
0 seconds for "Configure existing entities" @ 2017-10-17 10:46:10 [2@ITHELPDESK]
0 seconds for "create request type" @ 2017-10-17 10:46:10 [2@ITHELPDESK]
0 seconds for "create default display preferences" @ 2018-02-08 11:27:05 [2@ITHELPDESK]
1 second for "create database schema" @ 2018-02-08 11:27:05 [2@ITHELPDESK]
0 seconds for "Configure existing entities" @ 2018-02-08 11:27:05 [2@ITHELPDESK]
0 seconds for "create request type" @ 2018-02-08 11:27:05 [2@ITHELPDESK]
0 seconds for "create default display preferences" @ 2018-02-08 11:44:47 [8@ITHELPDESK]
1 second for "create database schema" @ 2018-02-08 11:44:47 [8@ITHELPDESK]
0 seconds for "Configure existing entities" @ 2018-02-08 11:44:47 [8@ITHELPDESK]
0 seconds for "create request type" @ 2018-02-08 11:44:47 [8@ITHELPDESK]
0 seconds for "create default display preferences" @ 